This file contains any messages produced by compilers while
running configure, to aid debugging if configure makes a mistake.

It was created by configure, which was
generated by GNU Autoconf 2.69.  Invocation command line was

  $ ./configure --prefix=/Users/wonjafairbrother1/dev/src/tritium_oss/clibs/output/libxml2 --with-iconv=/Users/wonjafairbrother1/dev/src/tritium_oss/clibs

## --------- ##
## Platform. ##
## --------- ##

hostname = localhost
uname -m = x86_64
uname -r = 12.5.0
uname -s = Darwin
uname -v = Darwin Kernel Version 12.5.0: Sun Sep 29 13:33:47 PDT 2013; root:xnu-2050.48.12~1/RELEASE_X86_64

/usr/bin/uname -p = i386
/bin/uname -X     = unknown

/bin/arch              = unknown
/usr/bin/arch -k       = unknown
/usr/convex/getsysinfo = unknown
/usr/bin/hostinfo      = Mach kernel version:
	 Darwin Kernel Version 12.5.0: Sun Sep 29 13:33:47 PDT 2013; root:xnu-2050.48.12~1/RELEASE_X86_64
Kernel configured for up to 4 processors.
2 processors are physically available.
4 processors are logically available.
Processor type: i486 (Intel 80486)
Processors active: 0 1 2 3
Primary memory available: 8.00 gigabytes
Default processor set: 232 tasks, 1656 threads, 4 processors
Load average: 3.99, Mach factor: 0.96
/bin/machine           = unknown
/usr/bin/oslevel       = unknown
/bin/universe          = unknown

PATH: /Library/Frameworks/Python.framework/Versions/3.4/bin
PATH: /Users/wonjafairbrother1/.rvm/gems/ruby-1.9.3-p545/bin
PATH: /Users/wonjafairbrother1/.rvm/gems/ruby-1.9.3-p545@global/bin
PATH: /Users/wonjafairbrother1/.rvm/rubies/ruby-1.9.3-p545/bin
PATH: /usr/bin
PATH: /bin
PATH: /usr/sbin
PATH: /sbin
PATH: /usr/local/bin
PATH: /usr/local/go/bin
PATH: /usr/local/MacGPG2/bin
PATH: /Users/wonjafairbrother1/bin
PATH: /usr/local/Cellar
PATH: /usr/local/Cellar/ruby/1.9.3-p385/bin
PATH: /usr/local/go/bin
PATH: /usr/local/bin
PATH: /usr/bin
PATH: /bin
PATH: /usr/sbin
PATH: /sbin
PATH: /usr/local/bin
PATH: /usr/X11/bin
PATH: /opt/local/bin
PATH: /usr/local/git/bin
PATH: /Users/wonjafairbrother1/bin
PATH: /usr/local/Cellar
PATH: /usr/local/Cellar/ruby/1.9.3-p385/bin
PATH: /Users/wonjafairbrother1/.rvm/bin
PATH: /Users/wonjafairbrother1/dev/src/shell-utils/build
PATH: /Users/wonjafairbrother1/dev/bin
PATH: /Users/wonjafairbrother1/Documents/sass/sassc/bin


## ----------- ##
## Core tests. ##
## ----------- ##

configure:2434: checking build system type
configure:2448: result: x86_64-apple-darwin12.5.0
configure:2468: checking host system type
configure:2481: result: x86_64-apple-darwin12.5.0
configure:2561: checking for a BSD-compatible install
configure:2629: result: /usr/bin/install -c
configure:2640: checking whether build environment is sane
configure:2695: result: yes
configure:2846: checking for a thread-safe mkdir -p
configure:2885: result: ./install-sh -c -d
configure:2892: checking for gawk
configure:2922: result: no
configure:2892: checking for mawk
configure:2922: result: no
configure:2892: checking for nawk
configure:2922: result: no
configure:2892: checking for awk
configure:2908: found /usr/bin/awk
configure:2919: result: awk
configure:2930: checking whether make sets $(MAKE)
configure:2952: result: yes
configure:2981: checking whether make supports nested variables
configure:2998: result: yes
configure:3173: checking for gcc
configure:3189: found /usr/bin/gcc
configure:3200: result: gcc
configure:3429: checking for C compiler version
configure:3438: gcc --version >&5
Apple LLVM version 5.1 (clang-503.0.40) (based on LLVM 3.4svn)
Target: x86_64-apple-darwin12.5.0
Thread model: posix
Configured with: --prefix=/Applications/Xcode.app/Contents/Developer/usr --with-gxx-include-dir=/usr/include/c++/4.2.1
configure:3449: $? = 0
configure:3438: gcc -v >&5
Configured with: --prefix=/Applications/Xcode.app/Contents/Developer/usr --with-gxx-include-dir=/usr/include/c++/4.2.1
Apple LLVM version 5.1 (clang-503.0.40) (based on LLVM 3.4svn)
Target: x86_64-apple-darwin12.5.0
Thread model: posix
configure:3449: $? = 0
configure:3438: gcc -V >&5
clang: error: argument to '-V' is missing (expected 1 value)
clang: error: no input files
configure:3449: $? = 1
configure:3438: gcc -qversion >&5
clang: error: unknown argument: '-qversion' [-Wunused-command-line-argument-hard-error-in-future]
clang: note: this will be a hard error (cannot be downgraded to a warning) in the future
clang: error: no input files
configure:3449: $? = 1
configure:3469: checking whether the C compiler works
configure:3491: gcc    conftest.c  >&5
configure:3495: $? = 0
configure:3543: result: yes
configure:3546: checking for C compiler default output file name
configure:3548: result: a.out
configure:3554: checking for suffix of executables
configure:3561: gcc -o conftest    conftest.c  >&5
configure:3565: $? = 0
configure:3587: result: 
configure:3609: checking whether we are cross compiling
configure:3617: gcc -o conftest    conftest.c  >&5
configure:3621: $? = 0
configure:3628: ./conftest
configure:3632: $? = 0
configure:3647: result: no
configure:3652: checking for suffix of object files
configure:3674: gcc -c   conftest.c >&5
configure:3678: $? = 0
configure:3699: result: o
configure:3703: checking whether we are using the GNU C compiler
configure:3722: gcc -c   conftest.c >&5
configure:3722: $? = 0
configure:3731: result: yes
configure:3740: checking whether gcc accepts -g
configure:3760: gcc -c -g  conftest.c >&5
configure:3760: $? = 0
configure:3801: result: yes
configure:3818: checking for gcc option to accept ISO C89
configure:3881: gcc  -c -g -O2  conftest.c >&5
configure:3881: $? = 0
configure:3894: result: none needed
configure:3919: checking whether gcc understands -c and -o together
configure:3941: gcc -c conftest.c -o conftest2.o
configure:3944: $? = 0
configure:3941: gcc -c conftest.c -o conftest2.o
configure:3944: $? = 0
configure:3956: result: yes
configure:3984: checking for style of include used by make
configure:4012: result: GNU
configure:4038: checking dependency style of gcc
configure:4149: result: gcc3
configure:4171: checking how to run the C preprocessor
configure:4202: gcc -E  conftest.c
configure:4202: $? = 0
configure:4216: gcc -E  conftest.c
conftest.c:11:10: fatal error: 'ac_nonexistent.h' file not found
#include <ac_nonexistent.h>
         ^
1 error generated.
configure:4216: $? = 1
configure: failed program was:
| /* confdefs.h */
| #define PACKAGE_NAME ""
| #define PACKAGE_TARNAME ""
| #define PACKAGE_VERSION ""
| #define PACKAGE_STRING ""
| #define PACKAGE_BUGREPORT ""
| #define PACKAGE_URL ""
| #define PACKAGE "libxml2"
| #define VERSION "2.7.8"
| /* end confdefs.h.  */
| #include <ac_nonexistent.h>
configure:4241: result: gcc -E
configure:4261: gcc -E  conftest.c
configure:4261: $? = 0
configure:4275: gcc -E  conftest.c
conftest.c:11:10: fatal error: 'ac_nonexistent.h' file not found
#include <ac_nonexistent.h>
         ^
1 error generated.
configure:4275: $? = 1
configure: failed program was:
| /* confdefs.h */
| #define PACKAGE_NAME ""
| #define PACKAGE_TARNAME ""
| #define PACKAGE_VERSION ""
| #define PACKAGE_STRING ""
| #define PACKAGE_BUGREPORT ""
| #define PACKAGE_URL ""
| #define PACKAGE "libxml2"
| #define VERSION "2.7.8"
| /* end confdefs.h.  */
| #include <ac_nonexistent.h>
configure:4305: checking for rm
configure:4323: found /bin/rm
configure:4336: result: /bin/rm
configure:4346: checking for mv
configure:4364: found /bin/mv
configure:4377: result: /bin/mv
configure:4387: checking for tar
configure:4405: found /usr/bin/tar
configure:4418: result: /usr/bin/tar
configure:4428: checking for perl
configure:4446: found /usr/bin/perl
configure:4459: result: /usr/bin/perl
configure:4469: checking for wget
configure:4487: found /usr/local/bin/wget
configure:4500: result: /usr/local/bin/wget
configure:4510: checking for xmllint
configure:4528: found /usr/bin/xmllint
configure:4541: result: /usr/bin/xmllint
configure:4551: checking for xsltproc
configure:4569: found /usr/bin/xsltproc
configure:4582: result: /usr/bin/xsltproc
configure:4943: checking how to print strings
configure:4970: result: printf
configure:4991: checking for a sed that does not truncate output
configure:5055: result: /usr/bin/sed
configure:5073: checking for grep that handles long lines and -e
configure:5131: result: /usr/bin/grep
configure:5136: checking for egrep
configure:5198: result: /usr/bin/grep -E
configure:5203: checking for fgrep
configure:5265: result: /usr/bin/grep -F
configure:5300: checking for ld used by gcc
configure:5367: result: /Applications/Xcode.app/Contents/Developer/Toolchains/XcodeDefault.xctoolchain/usr/bin/ld
configure:5374: checking if the linker (/Applications/Xcode.app/Contents/Developer/Toolchains/XcodeDefault.xctoolchain/usr/bin/ld) is GNU ld
configure:5389: result: no
configure:5401: checking for BSD- or MS-compatible name lister (nm)
configure:5450: result: /usr/bin/nm
configure:5580: checking the name lister (/usr/bin/nm) interface
configure:5587: gcc -c -g -O2  conftest.c >&5
configure:5590: /usr/bin/nm "conftest.o"
configure:5593: output
000000000000023c S _some_variable
configure:5600: result: BSD nm
configure:5603: checking whether ln -s works
configure:5607: result: yes
configure:5615: checking the maximum length of command line arguments
configure:5745: result: 196608
configure:5762: checking whether the shell understands some XSI constructs
configure:5772: result: yes
configure:5776: checking whether the shell understands "+="
configure:5782: result: yes
configure:5817: checking how to convert x86_64-apple-darwin12.5.0 file names to x86_64-apple-darwin12.5.0 format
configure:5857: result: func_convert_file_noop
configure:5864: checking how to convert x86_64-apple-darwin12.5.0 file names to toolchain format
configure:5884: result: func_convert_file_noop
configure:5891: checking for /Applications/Xcode.app/Contents/Developer/Toolchains/XcodeDefault.xctoolchain/usr/bin/ld option to reload object files
configure:5898: result: -r
configure:5972: checking for objdump
configure:5999: result: objdump
configure:6028: checking how to recognize dependent libraries
configure:6230: result: pass_all
configure:6315: checking for dlltool
configure:6342: result: dlltool
configure:6372: checking how to associate runtime and link libraries
configure:6399: result: printf %s\n
configure:6460: checking for ar
configure:6476: found /usr/bin/ar
configure:6487: result: ar
configure:6524: checking for archiver @FILE support
configure:6541: gcc -c -g -O2  conftest.c >&5
configure:6541: $? = 0
configure:6544: ar cru libconftest.a @conftest.lst >&5
ar: @conftest.lst: No such file or directory
configure:6547: $? = 1
configure:6567: result: no
configure:6625: checking for strip
configure:6641: found /usr/bin/strip
configure:6652: result: strip
configure:6724: checking for ranlib
configure:6740: found /usr/bin/ranlib
configure:6751: result: ranlib
configure:6853: checking command to parse /usr/bin/nm output from gcc object
configure:6973: gcc -c -g -O2  conftest.c >&5
configure:6976: $? = 0
configure:6980: /usr/bin/nm conftest.o \| sed -n -e 's/^.*[ ]\([BCDEGRST][BCDEGRST]*\)[ ][ ]*\([_A-Za-z][_A-Za-z0-9]*\)$/\1 \2 \2/p' | sed '/ __gnu_lto/d' \> conftest.nm
configure:6983: $? = 0
cannot find nm_test_var in conftest.nm
configure:6973: gcc -c -g -O2  conftest.c >&5
configure:6976: $? = 0
configure:6980: /usr/bin/nm conftest.o \| sed -n -e 's/^.*[ ]\([BCDEGRST][BCDEGRST]*\)[ ][ ]*_\([_A-Za-z][_A-Za-z0-9]*\)$/\1 _\2 \2/p' | sed '/ __gnu_lto/d' \> conftest.nm
configure:6983: $? = 0
configure:7049: gcc -o conftest -g -O2   conftest.c conftstm.o >&5
configure:7052: $? = 0
configure:7090: result: ok
configure:7127: checking for sysroot
configure:7157: result: no
configure:7413: checking for mt
configure:7443: result: no
configure:7463: checking if : is a manifest tool
configure:7469: : '-?'
configure:7477: result: no
configure:7533: checking for dsymutil
configure:7549: found /usr/bin/dsymutil
configure:7560: result: dsymutil
configure:7625: checking for nmedit
configure:7641: found /usr/bin/nmedit
configure:7652: result: nmedit
configure:7717: checking for lipo
configure:7733: found /usr/bin/lipo
configure:7744: result: lipo
configure:7809: checking for otool
configure:7825: found /usr/bin/otool
configure:7836: result: otool
configure:7901: checking for otool64
configure:7931: result: no
configure:7976: checking for -single_module linker flag
gcc -g -O2  -o libconftest.dylib -dynamiclib -Wl,-single_module conftest.c
configure:8009: result: yes
configure:8012: checking for -exported_symbols_list linker flag
configure:8032: gcc -o conftest -g -O2   -Wl,-exported_symbols_list,conftest.sym conftest.c  >&5
configure:8032: $? = 0
configure:8042: result: yes
configure:8045: checking for -force_load linker flag
gcc -g -O2 -c -o conftest.o conftest.c
ar cru libconftest.a conftest.o
ranlib libconftest.a
gcc -g -O2  -o conftest conftest.c -Wl,-force_load,./libconftest.a
configure:8077: result: yes
configure:8115: checking for ANSI C header files
configure:8135: gcc -c -g -O2  conftest.c >&5
configure:8135: $? = 0
configure:8208: gcc -o conftest -g -O2   conftest.c  >&5
configure:8208: $? = 0
configure:8208: ./conftest
configure:8208: $? = 0
configure:8219: result: yes
configure:8232: checking for sys/types.h
configure:8232: gcc -c -g -O2  conftest.c >&5
configure:8232: $? = 0
configure:8232: result: yes
configure:8232: checking for sys/stat.h
configure:8232: gcc -c -g -O2  conftest.c >&5
configure:8232: $? = 0
configure:8232: result: yes
configure:8232: checking for stdlib.h
configure:8232: gcc -c -g -O2  conftest.c >&5
configure:8232: $? = 0
configure:8232: result: yes
configure:8232: checking for string.h
configure:8232: gcc -c -g -O2  conftest.c >&5
configure:8232: $? = 0
configure:8232: result: yes
configure:8232: checking for memory.h
configure:8232: gcc -c -g -O2  conftest.c >&5
configure:8232: $? = 0
configure:8232: result: yes
configure:8232: checking for strings.h
configure:8232: gcc -c -g -O2  conftest.c >&5
configure:8232: $? = 0
configure:8232: result: yes
configure:8232: checking for inttypes.h
configure:8232: gcc -c -g -O2  conftest.c >&5
configure:8232: $? = 0
configure:8232: result: yes
configure:8232: checking for stdint.h
configure:8232: gcc -c -g -O2  conftest.c >&5
configure:8232: $? = 0
configure:8232: result: yes
configure:8232: checking for unistd.h
configure:8232: gcc -c -g -O2  conftest.c >&5
configure:8232: $? = 0
configure:8232: result: yes
configure:8246: checking for dlfcn.h
configure:8246: gcc -c -g -O2  conftest.c >&5
configure:8246: $? = 0
configure:8246: result: yes
configure:8450: checking for objdir
configure:8465: result: .libs
configure:8736: checking if gcc supports -fno-rtti -fno-exceptions
configure:8754: gcc -c -g -O2  -fno-rtti -fno-exceptions conftest.c >&5
configure:8758: $? = 0
configure:8771: result: yes
configure:9098: checking for gcc option to produce PIC
configure:9105: result: -fno-common -DPIC
configure:9113: checking if gcc PIC flag -fno-common -DPIC works
configure:9131: gcc -c -g -O2  -fno-common -DPIC -DPIC conftest.c >&5
configure:9135: $? = 0
configure:9148: result: yes
configure:9177: checking if gcc static flag -static works
configure:9205: result: no
configure:9220: checking if gcc supports -c -o file.o
configure:9241: gcc -c -g -O2  -o out/conftest2.o conftest.c >&5
configure:9245: $? = 0
configure:9267: result: yes
configure:9275: checking if gcc supports -c -o file.o
configure:9322: result: yes
configure:9355: checking whether the gcc linker (/Applications/Xcode.app/Contents/Developer/Toolchains/XcodeDefault.xctoolchain/usr/bin/ld) supports shared libraries
configure:10508: result: yes
configure:10748: checking dynamic linker characteristics
configure:11481: result: darwin12.5.0 dyld
configure:11588: checking how to hardcode library paths into programs
configure:11613: result: immediate
configure:12153: checking whether stripping libraries is possible
configure:12167: result: yes
configure:12193: checking if libtool supports shared libraries
configure:12195: result: yes
configure:12198: checking whether to build shared libraries
configure:12219: result: yes
configure:12222: checking whether to build static libraries
configure:12226: result: yes
configure:12723: checking zlib.h usability
configure:12723: gcc -c -g -O2  conftest.c >&5
configure:12723: $? = 0
configure:12723: result: yes
configure:12723: checking zlib.h presence
configure:12723: gcc -E  conftest.c
configure:12723: $? = 0
configure:12723: result: yes
configure:12723: checking for zlib.h
configure:12723: result: yes
configure:12728: checking for gzread in -lz
configure:12753: gcc -o conftest -g -O2   conftest.c -lz   >&5
configure:12753: $? = 0
configure:12762: result: yes
configure:12801: checking for dirent.h that defines DIR
configure:12820: gcc -c -g -O2  conftest.c >&5
configure:12820: $? = 0
configure:12828: result: yes
configure:12841: checking for library containing opendir
configure:12872: gcc -o conftest -g -O2   conftest.c  >&5
configure:12872: $? = 0
configure:12889: result: none required
configure:12956: checking for ANSI C header files
configure:13060: result: yes
configure:13070: checking fcntl.h usability
configure:13070: gcc -c -g -O2  conftest.c >&5
configure:13070: $? = 0
configure:13070: result: yes
configure:13070: checking fcntl.h presence
configure:13070: gcc -E  conftest.c
configure:13070: $? = 0
configure:13070: result: yes
configure:13070: checking for fcntl.h
configure:13070: result: yes
configure:13082: checking for unistd.h
configure:13082: result: yes
configure:13094: checking ctype.h usability
configure:13094: gcc -c -g -O2  conftest.c >&5
configure:13094: $? = 0
configure:13094: result: yes
configure:13094: checking ctype.h presence
configure:13094: gcc -E  conftest.c
configure:13094: $? = 0
configure:13094: result: yes
configure:13094: checking for ctype.h
configure:13094: result: yes
configure:13106: checking dirent.h usability
configure:13106: gcc -c -g -O2  conftest.c >&5
configure:13106: $? = 0
configure:13106: result: yes
configure:13106: checking dirent.h presence
configure:13106: gcc -E  conftest.c
configure:13106: $? = 0
configure:13106: result: yes
configure:13106: checking for dirent.h
configure:13106: result: yes
configure:13118: checking errno.h usability
configure:13118: gcc -c -g -O2  conftest.c >&5
configure:13118: $? = 0
configure:13118: result: yes
configure:13118: checking errno.h presence
configure:13118: gcc -E  conftest.c
configure:13118: $? = 0
configure:13118: result: yes
configure:13118: checking for errno.h
configure:13118: result: yes
configure:13130: checking malloc.h usability
configure:13130: gcc -c -g -O2  conftest.c >&5
conftest.c:65:10: fatal error: 'malloc.h' file not found
#include <malloc.h>
         ^
1 error generated.
configure:13130: $? = 1
configure: failed program was:
| /* confdefs.h */
| #define PACKAGE_NAME ""
| #define PACKAGE_TARNAME ""
| #define PACKAGE_VERSION ""
| #define PACKAGE_STRING ""
| #define PACKAGE_BUGREPORT ""
| #define PACKAGE_URL ""
| #define PACKAGE "libxml2"
| #define VERSION "2.7.8"
| #define STDC_HEADERS 1
| #define HAVE_SYS_TYPES_H 1
| #define HAVE_SYS_STAT_H 1
| #define HAVE_STDLIB_H 1
| #define HAVE_STRING_H 1
| #define HAVE_MEMORY_H 1
| #define HAVE_STRINGS_H 1
| #define HAVE_INTTYPES_H 1
| #define HAVE_STDINT_H 1
| #define HAVE_UNISTD_H 1
| #define HAVE_DLFCN_H 1
| #define LT_OBJDIR ".libs/"
| #define HAVE_ZLIB_H 1
| #define HAVE_LIBZ 1
| #define HAVE_DIRENT_H 1
| #define STDC_HEADERS 1
| #define HAVE_FCNTL_H 1
| #define HAVE_UNISTD_H 1
| #define HAVE_CTYPE_H 1
| #define HAVE_DIRENT_H 1
| #define HAVE_ERRNO_H 1
| /* end confdefs.h.  */
| #include <stdio.h>
| #ifdef HAVE_SYS_TYPES_H
| # include <sys/types.h>
| #endif
| #ifdef HAVE_SYS_STAT_H
| # include <sys/stat.h>
| #endif
| #ifdef STDC_HEADERS
| # include <stdlib.h>
| # include <stddef.h>
| #else
| # ifdef HAVE_STDLIB_H
| #  include <stdlib.h>
| # endif
| #endif
| #ifdef HAVE_STRING_H
| # if !defined STDC_HEADERS && defined HAVE_MEMORY_H
| #  include <memory.h>
| # endif
| # include <string.h>
| #endif
| #ifdef HAVE_STRINGS_H
| # include <strings.h>
| #endif
| #ifdef HAVE_INTTYPES_H
| # include <inttypes.h>
| #endif
| #ifdef HAVE_STDINT_H
| # include <stdint.h>
| #endif
| #ifdef HAVE_UNISTD_H
| # include <unistd.h>
| #endif
| #include <malloc.h>
configure:13130: result: no
configure:13130: checking malloc.h presence
configure:13130: gcc -E  conftest.c
conftest.c:32:10: fatal error: 'malloc.h' file not found
#include <malloc.h>
         ^
1 error generated.
configure:13130: $? = 1
configure: failed program was:
| /* confdefs.h */
| #define PACKAGE_NAME ""
| #define PACKAGE_TARNAME ""
| #define PACKAGE_VERSION ""
| #define PACKAGE_STRING ""
| #define PACKAGE_BUGREPORT ""
| #define PACKAGE_URL ""
| #define PACKAGE "libxml2"
| #define VERSION "2.7.8"
| #define STDC_HEADERS 1
| #define HAVE_SYS_TYPES_H 1
| #define HAVE_SYS_STAT_H 1
| #define HAVE_STDLIB_H 1
| #define HAVE_STRING_H 1
| #define HAVE_MEMORY_H 1
| #define HAVE_STRINGS_H 1
| #define HAVE_INTTYPES_H 1
| #define HAVE_STDINT_H 1
| #define HAVE_UNISTD_H 1
| #define HAVE_DLFCN_H 1
| #define LT_OBJDIR ".libs/"
| #define HAVE_ZLIB_H 1
| #define HAVE_LIBZ 1
| #define HAVE_DIRENT_H 1
| #define STDC_HEADERS 1
| #define HAVE_FCNTL_H 1
| #define HAVE_UNISTD_H 1
| #define HAVE_CTYPE_H 1
| #define HAVE_DIRENT_H 1
| #define HAVE_ERRNO_H 1
| /* end confdefs.h.  */
| #include <malloc.h>
configure:13130: result: no
configure:13130: checking for malloc.h
configure:13130: result: no
configure:13142: checking stdarg.h usability
configure:13142: gcc -c -g -O2  conftest.c >&5
configure:13142: $? = 0
configure:13142: result: yes
configure:13142: checking stdarg.h presence
configure:13142: gcc -E  conftest.c
configure:13142: $? = 0
configure:13142: result: yes
configure:13142: checking for stdarg.h
configure:13142: result: yes
configure:13154: checking for sys/stat.h
configure:13154: result: yes
configure:13166: checking for sys/types.h
configure:13166: result: yes
configure:13178: checking for stdint.h
configure:13178: result: yes
configure:13190: checking inttypes.h.h usability
configure:13190: gcc -c -g -O2  conftest.c >&5
conftest.c:69:10: fatal error: 'inttypes.h.h' file not found
#include <inttypes.h.h>
         ^
1 error generated.
configure:13190: $? = 1
configure: failed program was:
| /* confdefs.h */
| #define PACKAGE_NAME ""
| #define PACKAGE_TARNAME ""
| #define PACKAGE_VERSION ""
| #define PACKAGE_STRING ""
| #define PACKAGE_BUGREPORT ""
| #define PACKAGE_URL ""
| #define PACKAGE "libxml2"
| #define VERSION "2.7.8"
| #define STDC_HEADERS 1
| #define HAVE_SYS_TYPES_H 1
| #define HAVE_SYS_STAT_H 1
| #define HAVE_STDLIB_H 1
| #define HAVE_STRING_H 1
| #define HAVE_MEMORY_H 1
| #define HAVE_STRINGS_H 1
| #define HAVE_INTTYPES_H 1
| #define HAVE_STDINT_H 1
| #define HAVE_UNISTD_H 1
| #define HAVE_DLFCN_H 1
| #define LT_OBJDIR ".libs/"
| #define HAVE_ZLIB_H 1
| #define HAVE_LIBZ 1
| #define HAVE_DIRENT_H 1
| #define STDC_HEADERS 1
| #define HAVE_FCNTL_H 1
| #define HAVE_UNISTD_H 1
| #define HAVE_CTYPE_H 1
| #define HAVE_DIRENT_H 1
| #define HAVE_ERRNO_H 1
| #define HAVE_STDARG_H 1
| #define HAVE_SYS_STAT_H 1
| #define HAVE_SYS_TYPES_H 1
| #define HAVE_STDINT_H 1
| /* end confdefs.h.  */
| #include <stdio.h>
| #ifdef HAVE_SYS_TYPES_H
| # include <sys/types.h>
| #endif
| #ifdef HAVE_SYS_STAT_H
| # include <sys/stat.h>
| #endif
| #ifdef STDC_HEADERS
| # include <stdlib.h>
| # include <stddef.h>
| #else
| # ifdef HAVE_STDLIB_H
| #  include <stdlib.h>
| # endif
| #endif
| #ifdef HAVE_STRING_H
| # if !defined STDC_HEADERS && defined HAVE_MEMORY_H
| #  include <memory.h>
| # endif
| # include <string.h>
| #endif
| #ifdef HAVE_STRINGS_H
| # include <strings.h>
| #endif
| #ifdef HAVE_INTTYPES_H
| # include <inttypes.h>
| #endif
| #ifdef HAVE_STDINT_H
| # include <stdint.h>
| #endif
| #ifdef HAVE_UNISTD_H
| # include <unistd.h>
| #endif
| #include <inttypes.h.h>
configure:13190: result: no
configure:13190: checking inttypes.h.h presence
configure:13190: gcc -E  conftest.c
conftest.c:36:10: fatal error: 'inttypes.h.h' file not found
#include <inttypes.h.h>
         ^
1 error generated.
configure:13190: $? = 1
configure: failed program was:
| /* confdefs.h */
| #define PACKAGE_NAME ""
| #define PACKAGE_TARNAME ""
| #define PACKAGE_VERSION ""
| #define PACKAGE_STRING ""
| #define PACKAGE_BUGREPORT ""
| #define PACKAGE_URL ""
| #define PACKAGE "libxml2"
| #define VERSION "2.7.8"
| #define STDC_HEADERS 1
| #define HAVE_SYS_TYPES_H 1
| #define HAVE_SYS_STAT_H 1
| #define HAVE_STDLIB_H 1
| #define HAVE_STRING_H 1
| #define HAVE_MEMORY_H 1
| #define HAVE_STRINGS_H 1
| #define HAVE_INTTYPES_H 1
| #define HAVE_STDINT_H 1
| #define HAVE_UNISTD_H 1
| #define HAVE_DLFCN_H 1
| #define LT_OBJDIR ".libs/"
| #define HAVE_ZLIB_H 1
| #define HAVE_LIBZ 1
| #define HAVE_DIRENT_H 1
| #define STDC_HEADERS 1
| #define HAVE_FCNTL_H 1
| #define HAVE_UNISTD_H 1
| #define HAVE_CTYPE_H 1
| #define HAVE_DIRENT_H 1
| #define HAVE_ERRNO_H 1
| #define HAVE_STDARG_H 1
| #define HAVE_SYS_STAT_H 1
| #define HAVE_SYS_TYPES_H 1
| #define HAVE_STDINT_H 1
| /* end confdefs.h.  */
| #include <inttypes.h.h>
configure:13190: result: no
configure:13190: checking for inttypes.h.h
configure:13190: result: no
configure:13202: checking time.h usability
configure:13202: gcc -c -g -O2  conftest.c >&5
configure:13202: $? = 0
configure:13202: result: yes
configure:13202: checking time.h presence
configure:13202: gcc -E  conftest.c
configure:13202: $? = 0
configure:13202: result: yes
configure:13202: checking for time.h
configure:13202: result: yes
configure:13214: checking ansidecl.h usability
configure:13214: gcc -c -g -O2  conftest.c >&5
conftest.c:70:10: fatal error: 'ansidecl.h' file not found
#include <ansidecl.h>
         ^
1 error generated.
configure:13214: $? = 1
configure: failed program was:
| /* confdefs.h */
| #define PACKAGE_NAME ""
| #define PACKAGE_TARNAME ""
| #define PACKAGE_VERSION ""
| #define PACKAGE_STRING ""
| #define PACKAGE_BUGREPORT ""
| #define PACKAGE_URL ""
| #define PACKAGE "libxml2"
| #define VERSION "2.7.8"
| #define STDC_HEADERS 1
| #define HAVE_SYS_TYPES_H 1
| #define HAVE_SYS_STAT_H 1
| #define HAVE_STDLIB_H 1
| #define HAVE_STRING_H 1
| #define HAVE_MEMORY_H 1
| #define HAVE_STRINGS_H 1
| #define HAVE_INTTYPES_H 1
| #define HAVE_STDINT_H 1
| #define HAVE_UNISTD_H 1
| #define HAVE_DLFCN_H 1
| #define LT_OBJDIR ".libs/"
| #define HAVE_ZLIB_H 1
| #define HAVE_LIBZ 1
| #define HAVE_DIRENT_H 1
| #define STDC_HEADERS 1
| #define HAVE_FCNTL_H 1
| #define HAVE_UNISTD_H 1
| #define HAVE_CTYPE_H 1
| #define HAVE_DIRENT_H 1
| #define HAVE_ERRNO_H 1
| #define HAVE_STDARG_H 1
| #define HAVE_SYS_STAT_H 1
| #define HAVE_SYS_TYPES_H 1
| #define HAVE_STDINT_H 1
| #define HAVE_TIME_H 1
| /* end confdefs.h.  */
| #include <stdio.h>
| #ifdef HAVE_SYS_TYPES_H
| # include <sys/types.h>
| #endif
| #ifdef HAVE_SYS_STAT_H
| # include <sys/stat.h>
| #endif
| #ifdef STDC_HEADERS
| # include <stdlib.h>
| # include <stddef.h>
| #else
| # ifdef HAVE_STDLIB_H
| #  include <stdlib.h>
| # endif
| #endif
| #ifdef HAVE_STRING_H
| # if !defined STDC_HEADERS && defined HAVE_MEMORY_H
| #  include <memory.h>
| # endif
| # include <string.h>
| #endif
| #ifdef HAVE_STRINGS_H
| # include <strings.h>
| #endif
| #ifdef HAVE_INTTYPES_H
| # include <inttypes.h>
| #endif
| #ifdef HAVE_STDINT_H
| # include <stdint.h>
| #endif
| #ifdef HAVE_UNISTD_H
| # include <unistd.h>
| #endif
| #include <ansidecl.h>
configure:13214: result: no
configure:13214: checking ansidecl.h presence
configure:13214: gcc -E  conftest.c
conftest.c:37:10: fatal error: 'ansidecl.h' file not found
#include <ansidecl.h>
         ^
1 error generated.
configure:13214: $? = 1
configure: failed program was:
| /* confdefs.h */
| #define PACKAGE_NAME ""
| #define PACKAGE_TARNAME ""
| #define PACKAGE_VERSION ""
| #define PACKAGE_STRING ""
| #define PACKAGE_BUGREPORT ""
| #define PACKAGE_URL ""
| #define PACKAGE "libxml2"
| #define VERSION "2.7.8"
| #define STDC_HEADERS 1
| #define HAVE_SYS_TYPES_H 1
| #define HAVE_SYS_STAT_H 1
| #define HAVE_STDLIB_H 1
| #define HAVE_STRING_H 1
| #define HAVE_MEMORY_H 1
| #define HAVE_STRINGS_H 1
| #define HAVE_INTTYPES_H 1
| #define HAVE_STDINT_H 1
| #define HAVE_UNISTD_H 1
| #define HAVE_DLFCN_H 1
| #define LT_OBJDIR ".libs/"
| #define HAVE_ZLIB_H 1
| #define HAVE_LIBZ 1
| #define HAVE_DIRENT_H 1
| #define STDC_HEADERS 1
| #define HAVE_FCNTL_H 1
| #define HAVE_UNISTD_H 1
| #define HAVE_CTYPE_H 1
| #define HAVE_DIRENT_H 1
| #define HAVE_ERRNO_H 1
| #define HAVE_STDARG_H 1
| #define HAVE_SYS_STAT_H 1
| #define HAVE_SYS_TYPES_H 1
| #define HAVE_STDINT_H 1
| #define HAVE_TIME_H 1
| /* end confdefs.h.  */
| #include <ansidecl.h>
configure:13214: result: no
configure:13214: checking for ansidecl.h
configure:13214: result: no
configure:13226: checking ieeefp.h usability
configure:13226: gcc -c -g -O2  conftest.c >&5
conftest.c:70:10: fatal error: 'ieeefp.h' file not found
#include <ieeefp.h>
         ^
1 error generated.
configure:13226: $? = 1
configure: failed program was:
| /* confdefs.h */
| #define PACKAGE_NAME ""
| #define PACKAGE_TARNAME ""
| #define PACKAGE_VERSION ""
| #define PACKAGE_STRING ""
| #define PACKAGE_BUGREPORT ""
| #define PACKAGE_URL ""
| #define PACKAGE "libxml2"
| #define VERSION "2.7.8"
| #define STDC_HEADERS 1
| #define HAVE_SYS_TYPES_H 1
| #define HAVE_SYS_STAT_H 1
| #define HAVE_STDLIB_H 1
| #define HAVE_STRING_H 1
| #define HAVE_MEMORY_H 1
| #define HAVE_STRINGS_H 1
| #define HAVE_INTTYPES_H 1
| #define HAVE_STDINT_H 1
| #define HAVE_UNISTD_H 1
| #define HAVE_DLFCN_H 1
| #define LT_OBJDIR ".libs/"
| #define HAVE_ZLIB_H 1
| #define HAVE_LIBZ 1
| #define HAVE_DIRENT_H 1
| #define STDC_HEADERS 1
| #define HAVE_FCNTL_H 1
| #define HAVE_UNISTD_H 1
| #define HAVE_CTYPE_H 1
| #define HAVE_DIRENT_H 1
| #define HAVE_ERRNO_H 1
| #define HAVE_STDARG_H 1
| #define HAVE_SYS_STAT_H 1
| #define HAVE_SYS_TYPES_H 1
| #define HAVE_STDINT_H 1
| #define HAVE_TIME_H 1
| /* end confdefs.h.  */
| #include <stdio.h>
| #ifdef HAVE_SYS_TYPES_H
| # include <sys/types.h>
| #endif
| #ifdef HAVE_SYS_STAT_H
| # include <sys/stat.h>
| #endif
| #ifdef STDC_HEADERS
| # include <stdlib.h>
| # include <stddef.h>
| #else
| # ifdef HAVE_STDLIB_H
| #  include <stdlib.h>
| # endif
| #endif
| #ifdef HAVE_STRING_H
| # if !defined STDC_HEADERS && defined HAVE_MEMORY_H
| #  include <memory.h>
| # endif
| # include <string.h>
| #endif
| #ifdef HAVE_STRINGS_H
| # include <strings.h>
| #endif
| #ifdef HAVE_INTTYPES_H
| # include <inttypes.h>
| #endif
| #ifdef HAVE_STDINT_H
| # include <stdint.h>
| #endif
| #ifdef HAVE_UNISTD_H
| # include <unistd.h>
| #endif
| #include <ieeefp.h>
configure:13226: result: no
configure:13226: checking ieeefp.h presence
configure:13226: gcc -E  conftest.c
conftest.c:37:10: fatal error: 'ieeefp.h' file not found
#include <ieeefp.h>
         ^
1 error generated.
configure:13226: $? = 1
configure: failed program was:
| /* confdefs.h */
| #define PACKAGE_NAME ""
| #define PACKAGE_TARNAME ""
| #define PACKAGE_VERSION ""
| #define PACKAGE_STRING ""
| #define PACKAGE_BUGREPORT ""
| #define PACKAGE_URL ""
| #define PACKAGE "libxml2"
| #define VERSION "2.7.8"
| #define STDC_HEADERS 1
| #define HAVE_SYS_TYPES_H 1
| #define HAVE_SYS_STAT_H 1
| #define HAVE_STDLIB_H 1
| #define HAVE_STRING_H 1
| #define HAVE_MEMORY_H 1
| #define HAVE_STRINGS_H 1
| #define HAVE_INTTYPES_H 1
| #define HAVE_STDINT_H 1
| #define HAVE_UNISTD_H 1
| #define HAVE_DLFCN_H 1
| #define LT_OBJDIR ".libs/"
| #define HAVE_ZLIB_H 1
| #define HAVE_LIBZ 1
| #define HAVE_DIRENT_H 1
| #define STDC_HEADERS 1
| #define HAVE_FCNTL_H 1
| #define HAVE_UNISTD_H 1
| #define HAVE_CTYPE_H 1
| #define HAVE_DIRENT_H 1
| #define HAVE_ERRNO_H 1
| #define HAVE_STDARG_H 1
| #define HAVE_SYS_STAT_H 1
| #define HAVE_SYS_TYPES_H 1
| #define HAVE_STDINT_H 1
| #define HAVE_TIME_H 1
| /* end confdefs.h.  */
| #include <ieeefp.h>
configure:13226: result: no
configure:13226: checking for ieeefp.h
configure:13226: result: no
configure:13238: checking nan.h usability
configure:13238: gcc -c -g -O2  conftest.c >&5
conftest.c:70:10: fatal error: 'nan.h' file not found
#include <nan.h>
         ^
1 error generated.
configure:13238: $? = 1
configure: failed program was:
| /* confdefs.h */
| #define PACKAGE_NAME ""
| #define PACKAGE_TARNAME ""
| #define PACKAGE_VERSION ""
| #define PACKAGE_STRING ""
| #define PACKAGE_BUGREPORT ""
| #define PACKAGE_URL ""
| #define PACKAGE "libxml2"
| #define VERSION "2.7.8"
| #define STDC_HEADERS 1
| #define HAVE_SYS_TYPES_H 1
| #define HAVE_SYS_STAT_H 1
| #define HAVE_STDLIB_H 1
| #define HAVE_STRING_H 1
| #define HAVE_MEMORY_H 1
| #define HAVE_STRINGS_H 1
| #define HAVE_INTTYPES_H 1
| #define HAVE_STDINT_H 1
| #define HAVE_UNISTD_H 1
| #define HAVE_DLFCN_H 1
| #define LT_OBJDIR ".libs/"
| #define HAVE_ZLIB_H 1
| #define HAVE_LIBZ 1
| #define HAVE_DIRENT_H 1
| #define STDC_HEADERS 1
| #define HAVE_FCNTL_H 1
| #define HAVE_UNISTD_H 1
| #define HAVE_CTYPE_H 1
| #define HAVE_DIRENT_H 1
| #define HAVE_ERRNO_H 1
| #define HAVE_STDARG_H 1
| #define HAVE_SYS_STAT_H 1
| #define HAVE_SYS_TYPES_H 1
| #define HAVE_STDINT_H 1
| #define HAVE_TIME_H 1
| /* end confdefs.h.  */
| #include <stdio.h>
| #ifdef HAVE_SYS_TYPES_H
| # include <sys/types.h>
| #endif
| #ifdef HAVE_SYS_STAT_H
| # include <sys/stat.h>
| #endif
| #ifdef STDC_HEADERS
| # include <stdlib.h>
| # include <stddef.h>
| #else
| # ifdef HAVE_STDLIB_H
| #  include <stdlib.h>
| # endif
| #endif
| #ifdef HAVE_STRING_H
| # if !defined STDC_HEADERS && defined HAVE_MEMORY_H
| #  include <memory.h>
| # endif
| # include <string.h>
| #endif
| #ifdef HAVE_STRINGS_H
| # include <strings.h>
| #endif
| #ifdef HAVE_INTTYPES_H
| # include <inttypes.h>
| #endif
| #ifdef HAVE_STDINT_H
| # include <stdint.h>
| #endif
| #ifdef HAVE_UNISTD_H
| # include <unistd.h>
| #endif
| #include <nan.h>
configure:13238: result: no
configure:13238: checking nan.h presence
configure:13238: gcc -E  conftest.c
conftest.c:37:10: fatal error: 'nan.h' file not found
#include <nan.h>
         ^
1 error generated.
configure:13238: $? = 1
configure: failed program was:
| /* confdefs.h */
| #define PACKAGE_NAME ""
| #define PACKAGE_TARNAME ""
| #define PACKAGE_VERSION ""
| #define PACKAGE_STRING ""
| #define PACKAGE_BUGREPORT ""
| #define PACKAGE_URL ""
| #define PACKAGE "libxml2"
| #define VERSION "2.7.8"
| #define STDC_HEADERS 1
| #define HAVE_SYS_TYPES_H 1
| #define HAVE_SYS_STAT_H 1
| #define HAVE_STDLIB_H 1
| #define HAVE_STRING_H 1
| #define HAVE_MEMORY_H 1
| #define HAVE_STRINGS_H 1
| #define HAVE_INTTYPES_H 1
| #define HAVE_STDINT_H 1
| #define HAVE_UNISTD_H 1
| #define HAVE_DLFCN_H 1
| #define LT_OBJDIR ".libs/"
| #define HAVE_ZLIB_H 1
| #define HAVE_LIBZ 1
| #define HAVE_DIRENT_H 1
| #define STDC_HEADERS 1
| #define HAVE_FCNTL_H 1
| #define HAVE_UNISTD_H 1
| #define HAVE_CTYPE_H 1
| #define HAVE_DIRENT_H 1
| #define HAVE_ERRNO_H 1
| #define HAVE_STDARG_H 1
| #define HAVE_SYS_STAT_H 1
| #define HAVE_SYS_TYPES_H 1
| #define HAVE_STDINT_H 1
| #define HAVE_TIME_H 1
| /* end confdefs.h.  */
| #include <nan.h>
configure:13238: result: no
configure:13238: checking for nan.h
configure:13238: result: no
configure:13250: checking math.h usability
configure:13250: gcc -c -g -O2  conftest.c >&5
configure:13250: $? = 0
configure:13250: result: yes
configure:13250: checking math.h presence
configure:13250: gcc -E  conftest.c
configure:13250: $? = 0
configure:13250: result: yes
configure:13250: checking for math.h
configure:13250: result: yes
configure:13262: checking limits.h usability
configure:13262: gcc -c -g -O2  conftest.c >&5
configure:13262: $? = 0
configure:13262: result: yes
configure:13262: checking limits.h presence
configure:13262: gcc -E  conftest.c
configure:13262: $? = 0
configure:13262: result: yes
configure:13262: checking for limits.h
configure:13262: result: yes
configure:13274: checking fp_class.h usability
configure:13274: gcc -c -g -O2  conftest.c >&5
conftest.c:72:10: fatal error: 'fp_class.h' file not found
#include <fp_class.h>
         ^
1 error generated.
configure:13274: $? = 1
configure: failed program was:
| /* confdefs.h */
| #define PACKAGE_NAME ""
| #define PACKAGE_TARNAME ""
| #define PACKAGE_VERSION ""
| #define PACKAGE_STRING ""
| #define PACKAGE_BUGREPORT ""
| #define PACKAGE_URL ""
| #define PACKAGE "libxml2"
| #define VERSION "2.7.8"
| #define STDC_HEADERS 1
| #define HAVE_SYS_TYPES_H 1
| #define HAVE_SYS_STAT_H 1
| #define HAVE_STDLIB_H 1
| #define HAVE_STRING_H 1
| #define HAVE_MEMORY_H 1
| #define HAVE_STRINGS_H 1
| #define HAVE_INTTYPES_H 1
| #define HAVE_STDINT_H 1
| #define HAVE_UNISTD_H 1
| #define HAVE_DLFCN_H 1
| #define LT_OBJDIR ".libs/"
| #define HAVE_ZLIB_H 1
| #define HAVE_LIBZ 1
| #define HAVE_DIRENT_H 1
| #define STDC_HEADERS 1
| #define HAVE_FCNTL_H 1
| #define HAVE_UNISTD_H 1
| #define HAVE_CTYPE_H 1
| #define HAVE_DIRENT_H 1
| #define HAVE_ERRNO_H 1
| #define HAVE_STDARG_H 1
| #define HAVE_SYS_STAT_H 1
| #define HAVE_SYS_TYPES_H 1
| #define HAVE_STDINT_H 1
| #define HAVE_TIME_H 1
| #define HAVE_MATH_H 1
| #define HAVE_LIMITS_H 1
| /* end confdefs.h.  */
| #include <stdio.h>
| #ifdef HAVE_SYS_TYPES_H
| # include <sys/types.h>
| #endif
| #ifdef HAVE_SYS_STAT_H
| # include <sys/stat.h>
| #endif
| #ifdef STDC_HEADERS
| # include <stdlib.h>
| # include <stddef.h>
| #else
| # ifdef HAVE_STDLIB_H
| #  include <stdlib.h>
| # endif
| #endif
| #ifdef HAVE_STRING_H
| # if !defined STDC_HEADERS && defined HAVE_MEMORY_H
| #  include <memory.h>
| # endif
| # include <string.h>
| #endif
| #ifdef HAVE_STRINGS_H
| # include <strings.h>
| #endif
| #ifdef HAVE_INTTYPES_H
| # include <inttypes.h>
| #endif
| #ifdef HAVE_STDINT_H
| # include <stdint.h>
| #endif
| #ifdef HAVE_UNISTD_H
| # include <unistd.h>
| #endif
| #include <fp_class.h>
configure:13274: result: no
configure:13274: checking fp_class.h presence
configure:13274: gcc -E  conftest.c
conftest.c:39:10: fatal error: 'fp_class.h' file not found
#include <fp_class.h>
         ^
1 error generated.
configure:13274: $? = 1
configure: failed program was:
| /* confdefs.h */
| #define PACKAGE_NAME ""
| #define PACKAGE_TARNAME ""
| #define PACKAGE_VERSION ""
| #define PACKAGE_STRING ""
| #define PACKAGE_BUGREPORT ""
| #define PACKAGE_URL ""
| #define PACKAGE "libxml2"
| #define VERSION "2.7.8"
| #define STDC_HEADERS 1
| #define HAVE_SYS_TYPES_H 1
| #define HAVE_SYS_STAT_H 1
| #define HAVE_STDLIB_H 1
| #define HAVE_STRING_H 1
| #define HAVE_MEMORY_H 1
| #define HAVE_STRINGS_H 1
| #define HAVE_INTTYPES_H 1
| #define HAVE_STDINT_H 1
| #define HAVE_UNISTD_H 1
| #define HAVE_DLFCN_H 1
| #define LT_OBJDIR ".libs/"
| #define HAVE_ZLIB_H 1
| #define HAVE_LIBZ 1
| #define HAVE_DIRENT_H 1
| #define STDC_HEADERS 1
| #define HAVE_FCNTL_H 1
| #define HAVE_UNISTD_H 1
| #define HAVE_CTYPE_H 1
| #define HAVE_DIRENT_H 1
| #define HAVE_ERRNO_H 1
| #define HAVE_STDARG_H 1
| #define HAVE_SYS_STAT_H 1
| #define HAVE_SYS_TYPES_H 1
| #define HAVE_STDINT_H 1
| #define HAVE_TIME_H 1
| #define HAVE_MATH_H 1
| #define HAVE_LIMITS_H 1
| /* end confdefs.h.  */
| #include <fp_class.h>
configure:13274: result: no
configure:13274: checking for fp_class.h
configure:13274: result: no
configure:13286: checking float.h usability
configure:13286: gcc -c -g -O2  conftest.c >&5
configure:13286: $? = 0
configure:13286: result: yes
configure:13286: checking float.h presence
configure:13286: gcc -E  conftest.c
configure:13286: $? = 0
configure:13286: result: yes
configure:13286: checking for float.h
configure:13286: result: yes
configure:13298: checking for stdlib.h
configure:13298: result: yes
configure:13310: checking for sys/socket.h
configure:13310: gcc -c -g -O2  conftest.c >&5
configure:13310: $? = 0
configure:13310: result: yes
configure:13326: checking for netinet/in.h
configure:13326: gcc -c -g -O2  conftest.c >&5
configure:13326: $? = 0
configure:13326: result: yes
configure:13342: checking for arpa/inet.h
configure:13342: gcc -c -g -O2  conftest.c >&5
configure:13342: $? = 0
configure:13342: result: yes
configure:13361: checking netdb.h usability
configure:13361: gcc -c -g -O2  conftest.c >&5
configure:13361: $? = 0
configure:13361: result: yes
configure:13361: checking netdb.h presence
configure:13361: gcc -E  conftest.c
configure:13361: $? = 0
configure:13361: result: yes
configure:13361: checking for netdb.h
configure:13361: result: yes
configure:13373: checking sys/time.h usability
configure:13373: gcc -c -g -O2  conftest.c >&5
configure:13373: $? = 0
configure:13373: result: yes
configure:13373: checking sys/time.h presence
configure:13373: gcc -E  conftest.c
configure:13373: $? = 0
configure:13373: result: yes
configure:13373: checking for sys/time.h
configure:13373: result: yes
configure:13385: checking sys/select.h usability
configure:13385: gcc -c -g -O2  conftest.c >&5
configure:13385: $? = 0
configure:13385: result: yes
configure:13385: checking sys/select.h presence
configure:13385: gcc -E  conftest.c
configure:13385: $? = 0
configure:13385: result: yes
configure:13385: checking for sys/select.h
configure:13385: result: yes
configure:13397: checking poll.h usability
configure:13397: gcc -c -g -O2  conftest.c >&5
configure:13397: $? = 0
configure:13397: result: yes
configure:13397: checking poll.h presence
configure:13397: gcc -E  conftest.c
configure:13397: $? = 0
configure:13397: result: yes
configure:13397: checking for poll.h
configure:13397: result: yes
configure:13409: checking sys/mman.h usability
configure:13409: gcc -c -g -O2  conftest.c >&5
configure:13409: $? = 0
configure:13409: result: yes
configure:13409: checking sys/mman.h presence
configure:13409: gcc -E  conftest.c
configure:13409: $? = 0
configure:13409: result: yes
configure:13409: checking for sys/mman.h
configure:13409: result: yes
configure:13421: checking sys/timeb.h usability
configure:13421: gcc -c -g -O2  conftest.c >&5
configure:13421: $? = 0
configure:13421: result: yes
configure:13421: checking sys/timeb.h presence
configure:13421: gcc -E  conftest.c
configure:13421: $? = 0
configure:13421: result: yes
configure:13421: checking for sys/timeb.h
configure:13421: result: yes
configure:13433: checking signal.h usability
configure:13433: gcc -c -g -O2  conftest.c >&5
configure:13433: $? = 0
configure:13433: result: yes
configure:13433: checking signal.h presence
configure:13433: gcc -E  conftest.c
configure:13433: $? = 0
configure:13433: result: yes
configure:13433: checking for signal.h
configure:13433: result: yes
configure:13445: checking for arpa/nameser.h
configure:13445: gcc -c -g -O2  conftest.c >&5
configure:13445: $? = 0
configure:13445: result: yes
configure:13461: checking for resolv.h
configure:13461: gcc -c -g -O2  conftest.c >&5
configure:13461: $? = 0
configure:13461: result: yes
configure:13483: checking dl.h usability
configure:13483: gcc -c -g -O2  conftest.c >&5
conftest.c:86:10: fatal error: 'dl.h' file not found
#include <dl.h>
         ^
1 error generated.
configure:13483: $? = 1
configure: failed program was:
| /* confdefs.h */
| #define PACKAGE_NAME ""
| #define PACKAGE_TARNAME ""
| #define PACKAGE_VERSION ""
| #define PACKAGE_STRING ""
| #define PACKAGE_BUGREPORT ""
| #define PACKAGE_URL ""
| #define PACKAGE "libxml2"
| #define VERSION "2.7.8"
| #define STDC_HEADERS 1
| #define HAVE_SYS_TYPES_H 1
| #define HAVE_SYS_STAT_H 1
| #define HAVE_STDLIB_H 1
| #define HAVE_STRING_H 1
| #define HAVE_MEMORY_H 1
| #define HAVE_STRINGS_H 1
| #define HAVE_INTTYPES_H 1
| #define HAVE_STDINT_H 1
| #define HAVE_UNISTD_H 1
| #define HAVE_DLFCN_H 1
| #define LT_OBJDIR ".libs/"
| #define HAVE_ZLIB_H 1
| #define HAVE_LIBZ 1
| #define HAVE_DIRENT_H 1
| #define STDC_HEADERS 1
| #define HAVE_FCNTL_H 1
| #define HAVE_UNISTD_H 1
| #define HAVE_CTYPE_H 1
| #define HAVE_DIRENT_H 1
| #define HAVE_ERRNO_H 1
| #define HAVE_STDARG_H 1
| #define HAVE_SYS_STAT_H 1
| #define HAVE_SYS_TYPES_H 1
| #define HAVE_STDINT_H 1
| #define HAVE_TIME_H 1
| #define HAVE_MATH_H 1
| #define HAVE_LIMITS_H 1
| #define HAVE_FLOAT_H 1
| #define HAVE_STDLIB_H 1
| #define HAVE_SYS_SOCKET_H 1
| #define HAVE_NETINET_IN_H 1
| #define HAVE_ARPA_INET_H 1
| #define HAVE_NETDB_H 1
| #define HAVE_SYS_TIME_H 1
| #define HAVE_SYS_SELECT_H 1
| #define HAVE_POLL_H 1
| #define HAVE_SYS_MMAN_H 1
| #define HAVE_SYS_TIMEB_H 1
| #define HAVE_SIGNAL_H 1
| #define HAVE_ARPA_NAMESER_H 1
| #define HAVE_RESOLV_H 1
| /* end confdefs.h.  */
| #include <stdio.h>
| #ifdef HAVE_SYS_TYPES_H
| # include <sys/types.h>
| #endif
| #ifdef HAVE_SYS_STAT_H
| # include <sys/stat.h>
| #endif
| #ifdef STDC_HEADERS
| # include <stdlib.h>
| # include <stddef.h>
| #else
| # ifdef HAVE_STDLIB_H
| #  include <stdlib.h>
| # endif
| #endif
| #ifdef HAVE_STRING_H
| # if !defined STDC_HEADERS && defined HAVE_MEMORY_H
| #  include <memory.h>
| # endif
| # include <string.h>
| #endif
| #ifdef HAVE_STRINGS_H
| # include <strings.h>
| #endif
| #ifdef HAVE_INTTYPES_H
| # include <inttypes.h>
| #endif
| #ifdef HAVE_STDINT_H
| # include <stdint.h>
| #endif
| #ifdef HAVE_UNISTD_H
| # include <unistd.h>
| #endif
| #include <dl.h>
configure:13483: result: no
configure:13483: checking dl.h presence
configure:13483: gcc -E  conftest.c
conftest.c:53:10: fatal error: 'dl.h' file not found
#include <dl.h>
         ^
1 error generated.
configure:13483: $? = 1
configure: failed program was:
| /* confdefs.h */
| #define PACKAGE_NAME ""
| #define PACKAGE_TARNAME ""
| #define PACKAGE_VERSION ""
| #define PACKAGE_STRING ""
| #define PACKAGE_BUGREPORT ""
| #define PACKAGE_URL ""
| #define PACKAGE "libxml2"
| #define VERSION "2.7.8"
| #define STDC_HEADERS 1
| #define HAVE_SYS_TYPES_H 1
| #define HAVE_SYS_STAT_H 1
| #define HAVE_STDLIB_H 1
| #define HAVE_STRING_H 1
| #define HAVE_MEMORY_H 1
| #define HAVE_STRINGS_H 1
| #define HAVE_INTTYPES_H 1
| #define HAVE_STDINT_H 1
| #define HAVE_UNISTD_H 1
| #define HAVE_DLFCN_H 1
| #define LT_OBJDIR ".libs/"
| #define HAVE_ZLIB_H 1
| #define HAVE_LIBZ 1
| #define HAVE_DIRENT_H 1
| #define STDC_HEADERS 1
| #define HAVE_FCNTL_H 1
| #define HAVE_UNISTD_H 1
| #define HAVE_CTYPE_H 1
| #define HAVE_DIRENT_H 1
| #define HAVE_ERRNO_H 1
| #define HAVE_STDARG_H 1
| #define HAVE_SYS_STAT_H 1
| #define HAVE_SYS_TYPES_H 1
| #define HAVE_STDINT_H 1
| #define HAVE_TIME_H 1
| #define HAVE_MATH_H 1
| #define HAVE_LIMITS_H 1
| #define HAVE_FLOAT_H 1
| #define HAVE_STDLIB_H 1
| #define HAVE_SYS_SOCKET_H 1
| #define HAVE_NETINET_IN_H 1
| #define HAVE_ARPA_INET_H 1
| #define HAVE_NETDB_H 1
| #define HAVE_SYS_TIME_H 1
| #define HAVE_SYS_SELECT_H 1
| #define HAVE_POLL_H 1
| #define HAVE_SYS_MMAN_H 1
| #define HAVE_SYS_TIMEB_H 1
| #define HAVE_SIGNAL_H 1
| #define HAVE_ARPA_NAMESER_H 1
| #define HAVE_RESOLV_H 1
| /* end confdefs.h.  */
| #include <dl.h>
configure:13483: result: no
configure:13483: checking for dl.h
configure:13483: result: no
configure:13495: checking for dlfcn.h
configure:13495: result: yes
configure:13511: checking for strftime
configure:13511: gcc -o conftest -g -O2   conftest.c  >&5
configure:13511: $? = 0
configure:13511: result: yes
configure:13567: checking for strdup
configure:13567: gcc -o conftest -g -O2   conftest.c  >&5
conftest.c:78:6: warning: incompatible redeclaration of library function 'strdup' [-Wincompatible-library-redeclaration]
char strdup ();
     ^
conftest.c:78:6: note: 'strdup' is a builtin with type 'char *(const char *)'
1 warning generated.
configure:13567: $? = 0
configure:13567: result: yes
configure:13567: checking for strndup
configure:13567: gcc -o conftest -g -O2   conftest.c  >&5
conftest.c:79:6: warning: incompatible redeclaration of library function 'strndup' [-Wincompatible-library-redeclaration]
char strndup ();
     ^
conftest.c:79:6: note: 'strndup' is a builtin with type 'char *(const char *, unsigned long)'
1 warning generated.
configure:13567: $? = 0
configure:13567: result: yes
configure:13567: checking for strerror
configure:13567: gcc -o conftest -g -O2   conftest.c  >&5
conftest.c:80:6: warning: incompatible redeclaration of library function 'strerror' [-Wincompatible-library-redeclaration]
char strerror ();
     ^
conftest.c:80:6: note: 'strerror' is a builtin with type 'char *(int)'
1 warning generated.
configure:13567: $? = 0
configure:13567: result: yes
configure:13579: checking for finite
configure:13579: gcc -o conftest -g -O2   conftest.c  >&5
configure:13579: $? = 0
configure:13579: result: yes
configure:13579: checking for isnand
configure:13579: gcc -o conftest -g -O2   conftest.c  >&5
Undefined symbols for architecture x86_64:
  "_isnand", referenced from:
      _main in conftest-341f68.o
ld: symbol(s) not found for architecture x86_64
clang: error: linker command failed with exit code 1 (use -v to see invocation)
configure:13579: $? = 1
configure: failed program was:
| /* confdefs.h */
| #define PACKAGE_NAME ""
| #define PACKAGE_TARNAME ""
| #define PACKAGE_VERSION ""
| #define PACKAGE_STRING ""
| #define PACKAGE_BUGREPORT ""
| #define PACKAGE_URL ""
| #define PACKAGE "libxml2"
| #define VERSION "2.7.8"
| #define STDC_HEADERS 1
| #define HAVE_SYS_TYPES_H 1
| #define HAVE_SYS_STAT_H 1
| #define HAVE_STDLIB_H 1
| #define HAVE_STRING_H 1
| #define HAVE_MEMORY_H 1
| #define HAVE_STRINGS_H 1
| #define HAVE_INTTYPES_H 1
| #define HAVE_STDINT_H 1
| #define HAVE_UNISTD_H 1
| #define HAVE_DLFCN_H 1
| #define LT_OBJDIR ".libs/"
| #define HAVE_ZLIB_H 1
| #define HAVE_LIBZ 1
| #define HAVE_DIRENT_H 1
| #define STDC_HEADERS 1
| #define HAVE_FCNTL_H 1
| #define HAVE_UNISTD_H 1
| #define HAVE_CTYPE_H 1
| #define HAVE_DIRENT_H 1
| #define HAVE_ERRNO_H 1
| #define HAVE_STDARG_H 1
| #define HAVE_SYS_STAT_H 1
| #define HAVE_SYS_TYPES_H 1
| #define HAVE_STDINT_H 1
| #define HAVE_TIME_H 1
| #define HAVE_MATH_H 1
| #define HAVE_LIMITS_H 1
| #define HAVE_FLOAT_H 1
| #define HAVE_STDLIB_H 1
| #define HAVE_SYS_SOCKET_H 1
| #define HAVE_NETINET_IN_H 1
| #define HAVE_ARPA_INET_H 1
| #define HAVE_NETDB_H 1
| #define HAVE_SYS_TIME_H 1
| #define HAVE_SYS_SELECT_H 1
| #define HAVE_POLL_H 1
| #define HAVE_SYS_MMAN_H 1
| #define HAVE_SYS_TIMEB_H 1
| #define HAVE_SIGNAL_H 1
| #define HAVE_ARPA_NAMESER_H 1
| #define HAVE_RESOLV_H 1
| #define HAVE_DLFCN_H 1
| #define HAVE_STRFTIME 1
| #define HAVE_STRDUP 1
| #define HAVE_STRNDUP 1
| #define HAVE_STRERROR 1
| #define HAVE_FINITE 1
| /* end confdefs.h.  */
| /* Define isnand to an innocuous variant, in case <limits.h> declares isnand.
|    For example, HP-UX 11i <limits.h> declares gettimeofday.  */
| #define isnand innocuous_isnand
| 
| /* System header to define __stub macros and hopefully few prototypes,
|     which can conflict with char isnand (); below.
|     Prefer <limits.h> to <assert.h> if __STDC__ is defined, since
|     <limits.h> exists even on freestanding compilers.  */
| 
| #ifdef __STDC__
| # include <limits.h>
| #else
| # include <assert.h>
| #endif
| 
| #undef isnand
| 
| /* Override any GCC internal prototype to avoid an error.
|    Use char because int might match the return type of a GCC
|    builtin and then its argument prototype would still apply.  */
| #ifdef __cplusplus
| extern "C"
| #endif
| char isnand ();
| /* The GNU C library defines this for functions which it implements
|     to always fail with ENOSYS.  Some functions are actually named
|     something starting with __ and the normal name is an alias.  */
| #if defined __stub_isnand || defined __stub___isnand
| choke me
| #endif
| 
| int
| main ()
| {
| return isnand ();
|   ;
|   return 0;
| }
configure:13579: result: no
configure:13579: checking for fp_class
configure:13579: gcc -o conftest -g -O2   conftest.c  >&5
Undefined symbols for architecture x86_64:
  "_fp_class", referenced from:
      _main in conftest-98b112.o
ld: symbol(s) not found for architecture x86_64
clang: error: linker command failed with exit code 1 (use -v to see invocation)
configure:13579: $? = 1
configure: failed program was:
| /* confdefs.h */
| #define PACKAGE_NAME ""
| #define PACKAGE_TARNAME ""
| #define PACKAGE_VERSION ""
| #define PACKAGE_STRING ""
| #define PACKAGE_BUGREPORT ""
| #define PACKAGE_URL ""
| #define PACKAGE "libxml2"
| #define VERSION "2.7.8"
| #define STDC_HEADERS 1
| #define HAVE_SYS_TYPES_H 1
| #define HAVE_SYS_STAT_H 1
| #define HAVE_STDLIB_H 1
| #define HAVE_STRING_H 1
| #define HAVE_MEMORY_H 1
| #define HAVE_STRINGS_H 1
| #define HAVE_INTTYPES_H 1
| #define HAVE_STDINT_H 1
| #define HAVE_UNISTD_H 1
| #define HAVE_DLFCN_H 1
| #define LT_OBJDIR ".libs/"
| #define HAVE_ZLIB_H 1
| #define HAVE_LIBZ 1
| #define HAVE_DIRENT_H 1
| #define STDC_HEADERS 1
| #define HAVE_FCNTL_H 1
| #define HAVE_UNISTD_H 1
| #define HAVE_CTYPE_H 1
| #define HAVE_DIRENT_H 1
| #define HAVE_ERRNO_H 1
| #define HAVE_STDARG_H 1
| #define HAVE_SYS_STAT_H 1
| #define HAVE_SYS_TYPES_H 1
| #define HAVE_STDINT_H 1
| #define HAVE_TIME_H 1
| #define HAVE_MATH_H 1
| #define HAVE_LIMITS_H 1
| #define HAVE_FLOAT_H 1
| #define HAVE_STDLIB_H 1
| #define HAVE_SYS_SOCKET_H 1
| #define HAVE_NETINET_IN_H 1
| #define HAVE_ARPA_INET_H 1
| #define HAVE_NETDB_H 1
| #define HAVE_SYS_TIME_H 1
| #define HAVE_SYS_SELECT_H 1
| #define HAVE_POLL_H 1
| #define HAVE_SYS_MMAN_H 1
| #define HAVE_SYS_TIMEB_H 1
| #define HAVE_SIGNAL_H 1
| #define HAVE_ARPA_NAMESER_H 1
| #define HAVE_RESOLV_H 1
| #define HAVE_DLFCN_H 1
| #define HAVE_STRFTIME 1
| #define HAVE_STRDUP 1
| #define HAVE_STRNDUP 1
| #define HAVE_STRERROR 1
| #define HAVE_FINITE 1
| /* end confdefs.h.  */
| /* Define fp_class to an innocuous variant, in case <limits.h> declares fp_class.
|    For example, HP-UX 11i <limits.h> declares gettimeofday.  */
| #define fp_class innocuous_fp_class
| 
| /* System header to define __stub macros and hopefully few prototypes,
|     which can conflict with char fp_class (); below.
|     Prefer <limits.h> to <assert.h> if __STDC__ is defined, since
|     <limits.h> exists even on freestanding compilers.  */
| 
| #ifdef __STDC__
| # include <limits.h>
| #else
| # include <assert.h>
| #endif
| 
| #undef fp_class
| 
| /* Override any GCC internal prototype to avoid an error.
|    Use char because int might match the return type of a GCC
|    builtin and then its argument prototype would still apply.  */
| #ifdef __cplusplus
| extern "C"
| #endif
| char fp_class ();
| /* The GNU C library defines this for functions which it implements
|     to always fail with ENOSYS.  Some functions are actually named
|     something starting with __ and the normal name is an alias.  */
| #if defined __stub_fp_class || defined __stub___fp_class
| choke me
| #endif
| 
| int
| main ()
| {
| return fp_class ();
|   ;
|   return 0;
| }
configure:13579: result: no
configure:13579: checking for class
configure:13579: gcc -o conftest -g -O2   conftest.c  >&5
Undefined symbols for architecture x86_64:
  "_class", referenced from:
      _main in conftest-033a09.o
ld: symbol(s) not found for architecture x86_64
clang: error: linker command failed with exit code 1 (use -v to see invocation)
configure:13579: $? = 1
configure: failed program was:
| /* confdefs.h */
| #define PACKAGE_NAME ""
| #define PACKAGE_TARNAME ""
| #define PACKAGE_VERSION ""
| #define PACKAGE_STRING ""
| #define PACKAGE_BUGREPORT ""
| #define PACKAGE_URL ""
| #define PACKAGE "libxml2"
| #define VERSION "2.7.8"
| #define STDC_HEADERS 1
| #define HAVE_SYS_TYPES_H 1
| #define HAVE_SYS_STAT_H 1
| #define HAVE_STDLIB_H 1
| #define HAVE_STRING_H 1
| #define HAVE_MEMORY_H 1
| #define HAVE_STRINGS_H 1
| #define HAVE_INTTYPES_H 1
| #define HAVE_STDINT_H 1
| #define HAVE_UNISTD_H 1
| #define HAVE_DLFCN_H 1
| #define LT_OBJDIR ".libs/"
| #define HAVE_ZLIB_H 1
| #define HAVE_LIBZ 1
| #define HAVE_DIRENT_H 1
| #define STDC_HEADERS 1
| #define HAVE_FCNTL_H 1
| #define HAVE_UNISTD_H 1
| #define HAVE_CTYPE_H 1
| #define HAVE_DIRENT_H 1
| #define HAVE_ERRNO_H 1
| #define HAVE_STDARG_H 1
| #define HAVE_SYS_STAT_H 1
| #define HAVE_SYS_TYPES_H 1
| #define HAVE_STDINT_H 1
| #define HAVE_TIME_H 1
| #define HAVE_MATH_H 1
| #define HAVE_LIMITS_H 1
| #define HAVE_FLOAT_H 1
| #define HAVE_STDLIB_H 1
| #define HAVE_SYS_SOCKET_H 1
| #define HAVE_NETINET_IN_H 1
| #define HAVE_ARPA_INET_H 1
| #define HAVE_NETDB_H 1
| #define HAVE_SYS_TIME_H 1
| #define HAVE_SYS_SELECT_H 1
| #define HAVE_POLL_H 1
| #define HAVE_SYS_MMAN_H 1
| #define HAVE_SYS_TIMEB_H 1
| #define HAVE_SIGNAL_H 1
| #define HAVE_ARPA_NAMESER_H 1
| #define HAVE_RESOLV_H 1
| #define HAVE_DLFCN_H 1
| #define HAVE_STRFTIME 1
| #define HAVE_STRDUP 1
| #define HAVE_STRNDUP 1
| #define HAVE_STRERROR 1
| #define HAVE_FINITE 1
| /* end confdefs.h.  */
| /* Define class to an innocuous variant, in case <limits.h> declares class.
|    For example, HP-UX 11i <limits.h> declares gettimeofday.  */
| #define class innocuous_class
| 
| /* System header to define __stub macros and hopefully few prototypes,
|     which can conflict with char class (); below.
|     Prefer <limits.h> to <assert.h> if __STDC__ is defined, since
|     <limits.h> exists even on freestanding compilers.  */
| 
| #ifdef __STDC__
| # include <limits.h>
| #else
| # include <assert.h>
| #endif
| 
| #undef class
| 
| /* Override any GCC internal prototype to avoid an error.
|    Use char because int might match the return type of a GCC
|    builtin and then its argument prototype would still apply.  */
| #ifdef __cplusplus
| extern "C"
| #endif
| char class ();
| /* The GNU C library defines this for functions which it implements
|     to always fail with ENOSYS.  Some functions are actually named
|     something starting with __ and the normal name is an alias.  */
| #if defined __stub_class || defined __stub___class
| choke me
| #endif
| 
| int
| main ()
| {
| return class ();
|   ;
|   return 0;
| }
configure:13579: result: no
configure:13579: checking for fpclass
configure:13579: gcc -o conftest -g -O2   conftest.c  >&5
Undefined symbols for architecture x86_64:
  "_fpclass", referenced from:
      _main in conftest-d103af.o
ld: symbol(s) not found for architecture x86_64
clang: error: linker command failed with exit code 1 (use -v to see invocation)
configure:13579: $? = 1
configure: failed program was:
| /* confdefs.h */
| #define PACKAGE_NAME ""
| #define PACKAGE_TARNAME ""
| #define PACKAGE_VERSION ""
| #define PACKAGE_STRING ""
| #define PACKAGE_BUGREPORT ""
| #define PACKAGE_URL ""
| #define PACKAGE "libxml2"
| #define VERSION "2.7.8"
| #define STDC_HEADERS 1
| #define HAVE_SYS_TYPES_H 1
| #define HAVE_SYS_STAT_H 1
| #define HAVE_STDLIB_H 1
| #define HAVE_STRING_H 1
| #define HAVE_MEMORY_H 1
| #define HAVE_STRINGS_H 1
| #define HAVE_INTTYPES_H 1
| #define HAVE_STDINT_H 1
| #define HAVE_UNISTD_H 1
| #define HAVE_DLFCN_H 1
| #define LT_OBJDIR ".libs/"
| #define HAVE_ZLIB_H 1
| #define HAVE_LIBZ 1
| #define HAVE_DIRENT_H 1
| #define STDC_HEADERS 1
| #define HAVE_FCNTL_H 1
| #define HAVE_UNISTD_H 1
| #define HAVE_CTYPE_H 1
| #define HAVE_DIRENT_H 1
| #define HAVE_ERRNO_H 1
| #define HAVE_STDARG_H 1
| #define HAVE_SYS_STAT_H 1
| #define HAVE_SYS_TYPES_H 1
| #define HAVE_STDINT_H 1
| #define HAVE_TIME_H 1
| #define HAVE_MATH_H 1
| #define HAVE_LIMITS_H 1
| #define HAVE_FLOAT_H 1
| #define HAVE_STDLIB_H 1
| #define HAVE_SYS_SOCKET_H 1
| #define HAVE_NETINET_IN_H 1
| #define HAVE_ARPA_INET_H 1
| #define HAVE_NETDB_H 1
| #define HAVE_SYS_TIME_H 1
| #define HAVE_SYS_SELECT_H 1
| #define HAVE_POLL_H 1
| #define HAVE_SYS_MMAN_H 1
| #define HAVE_SYS_TIMEB_H 1
| #define HAVE_SIGNAL_H 1
| #define HAVE_ARPA_NAMESER_H 1
| #define HAVE_RESOLV_H 1
| #define HAVE_DLFCN_H 1
| #define HAVE_STRFTIME 1
| #define HAVE_STRDUP 1
| #define HAVE_STRNDUP 1
| #define HAVE_STRERROR 1
| #define HAVE_FINITE 1
| /* end confdefs.h.  */
| /* Define fpclass to an innocuous variant, in case <limits.h> declares fpclass.
|    For example, HP-UX 11i <limits.h> declares gettimeofday.  */
| #define fpclass innocuous_fpclass
| 
| /* System header to define __stub macros and hopefully few prototypes,
|     which can conflict with char fpclass (); below.
|     Prefer <limits.h> to <assert.h> if __STDC__ is defined, since
|     <limits.h> exists even on freestanding compilers.  */
| 
| #ifdef __STDC__
| # include <limits.h>
| #else
| # include <assert.h>
| #endif
| 
| #undef fpclass
| 
| /* Override any GCC internal prototype to avoid an error.
|    Use char because int might match the return type of a GCC
|    builtin and then its argument prototype would still apply.  */
| #ifdef __cplusplus
| extern "C"
| #endif
| char fpclass ();
| /* The GNU C library defines this for functions which it implements
|     to always fail with ENOSYS.  Some functions are actually named
|     something starting with __ and the normal name is an alias.  */
| #if defined __stub_fpclass || defined __stub___fpclass
| choke me
| #endif
| 
| int
| main ()
| {
| return fpclass ();
|   ;
|   return 0;
| }
configure:13579: result: no
configure:13591: checking for strftime
configure:13591: result: yes
configure:13591: checking for localtime
configure:13591: gcc -o conftest -g -O2   conftest.c  >&5
configure:13591: $? = 0
configure:13591: result: yes
configure:13591: checking for gettimeofday
configure:13591: gcc -o conftest -g -O2   conftest.c  >&5
configure:13591: $? = 0
configure:13591: result: yes
configure:13591: checking for ftime
configure:13591: gcc -o conftest -g -O2   conftest.c  >&5
configure:13591: $? = 0
configure:13591: result: yes
configure:13603: checking for stat
configure:13603: gcc -o conftest -g -O2   conftest.c  >&5
configure:13603: $? = 0
configure:13603: result: yes
configure:13603: checking for _stat
configure:13603: gcc -o conftest -g -O2   conftest.c  >&5
Undefined symbols for architecture x86_64:
  "__stat", referenced from:
      _main in conftest-3488d4.o
ld: symbol(s) not found for architecture x86_64
clang: error: linker command failed with exit code 1 (use -v to see invocation)
configure:13603: $? = 1
configure: failed program was:
| /* confdefs.h */
| #define PACKAGE_NAME ""
| #define PACKAGE_TARNAME ""
| #define PACKAGE_VERSION ""
| #define PACKAGE_STRING ""
| #define PACKAGE_BUGREPORT ""
| #define PACKAGE_URL ""
| #define PACKAGE "libxml2"
| #define VERSION "2.7.8"
| #define STDC_HEADERS 1
| #define HAVE_SYS_TYPES_H 1
| #define HAVE_SYS_STAT_H 1
| #define HAVE_STDLIB_H 1
| #define HAVE_STRING_H 1
| #define HAVE_MEMORY_H 1
| #define HAVE_STRINGS_H 1
| #define HAVE_INTTYPES_H 1
| #define HAVE_STDINT_H 1
| #define HAVE_UNISTD_H 1
| #define HAVE_DLFCN_H 1
| #define LT_OBJDIR ".libs/"
| #define HAVE_ZLIB_H 1
| #define HAVE_LIBZ 1
| #define HAVE_DIRENT_H 1
| #define STDC_HEADERS 1
| #define HAVE_FCNTL_H 1
| #define HAVE_UNISTD_H 1
| #define HAVE_CTYPE_H 1
| #define HAVE_DIRENT_H 1
| #define HAVE_ERRNO_H 1
| #define HAVE_STDARG_H 1
| #define HAVE_SYS_STAT_H 1
| #define HAVE_SYS_TYPES_H 1
| #define HAVE_STDINT_H 1
| #define HAVE_TIME_H 1
| #define HAVE_MATH_H 1
| #define HAVE_LIMITS_H 1
| #define HAVE_FLOAT_H 1
| #define HAVE_STDLIB_H 1
| #define HAVE_SYS_SOCKET_H 1
| #define HAVE_NETINET_IN_H 1
| #define HAVE_ARPA_INET_H 1
| #define HAVE_NETDB_H 1
| #define HAVE_SYS_TIME_H 1
| #define HAVE_SYS_SELECT_H 1
| #define HAVE_POLL_H 1
| #define HAVE_SYS_MMAN_H 1
| #define HAVE_SYS_TIMEB_H 1
| #define HAVE_SIGNAL_H 1
| #define HAVE_ARPA_NAMESER_H 1
| #define HAVE_RESOLV_H 1
| #define HAVE_DLFCN_H 1
| #define HAVE_STRFTIME 1
| #define HAVE_STRDUP 1
| #define HAVE_STRNDUP 1
| #define HAVE_STRERROR 1
| #define HAVE_FINITE 1
| #define HAVE_STRFTIME 1
| #define HAVE_LOCALTIME 1
| #define HAVE_GETTIMEOFDAY 1
| #define HAVE_FTIME 1
| #define HAVE_STAT 1
| /* end confdefs.h.  */
| /* Define _stat to an innocuous variant, in case <limits.h> declares _stat.
|    For example, HP-UX 11i <limits.h> declares gettimeofday.  */
| #define _stat innocuous__stat
| 
| /* System header to define __stub macros and hopefully few prototypes,
|     which can conflict with char _stat (); below.
|     Prefer <limits.h> to <assert.h> if __STDC__ is defined, since
|     <limits.h> exists even on freestanding compilers.  */
| 
| #ifdef __STDC__
| # include <limits.h>
| #else
| # include <assert.h>
| #endif
| 
| #undef _stat
| 
| /* Override any GCC internal prototype to avoid an error.
|    Use char because int might match the return type of a GCC
|    builtin and then its argument prototype would still apply.  */
| #ifdef __cplusplus
| extern "C"
| #endif
| char _stat ();
| /* The GNU C library defines this for functions which it implements
|     to always fail with ENOSYS.  Some functions are actually named
|     something starting with __ and the normal name is an alias.  */
| #if defined __stub__stat || defined __stub____stat
| choke me
| #endif
| 
| int
| main ()
| {
| return _stat ();
|   ;
|   return 0;
| }
configure:13603: result: no
configure:13603: checking for signal
configure:13603: gcc -o conftest -g -O2   conftest.c  >&5
configure:13603: $? = 0
configure:13603: result: yes
configure:13616: checking for printf
configure:13616: gcc -o conftest -g -O2   conftest.c  >&5
conftest.c:88:6: warning: incompatible redeclaration of library function 'printf' [-Wincompatible-library-redeclaration]
char printf ();
     ^
conftest.c:88:6: note: 'printf' is a builtin with type 'int (const char *, ...)'
1 warning generated.
configure:13616: $? = 0
configure:13616: result: yes
configure:13616: checking for sprintf
configure:13616: gcc -o conftest -g -O2   conftest.c  >&5
conftest.c:89:6: warning: incompatible redeclaration of library function 'sprintf' [-Wincompatible-library-redeclaration]
char sprintf ();
     ^
conftest.c:89:6: note: 'sprintf' is a builtin with type 'int (char *, const char *, ...)'
1 warning generated.
configure:13616: $? = 0
configure:13616: result: yes
configure:13616: checking for fprintf
configure:13616: gcc -o conftest -g -O2   conftest.c  >&5
conftest.c:90:6: warning: declaration of built-in function 'fprintf' requires inclusion of the header <stdio.h> [-Wbuiltin-requires-header]
char fprintf ();
     ^
1 warning generated.
configure:13616: $? = 0
configure:13616: result: yes
configure:13616: checking for snprintf
configure:13616: gcc -o conftest -g -O2   conftest.c  >&5
conftest.c:91:6: warning: incompatible redeclaration of library function 'snprintf' [-Wincompatible-library-redeclaration]
char snprintf ();
     ^
conftest.c:91:6: note: 'snprintf' is a builtin with type 'int (char *, unsigned long, const char *, ...)'
1 warning generated.
configure:13616: $? = 0
configure:13616: result: yes
configure:13616: checking for vfprintf
configure:13616: gcc -o conftest -g -O2   conftest.c  >&5
conftest.c:92:6: warning: incompatible redeclaration of library function 'vfprintf' [-Wincompatible-library-redeclaration]
char vfprintf ();
     ^
conftest.c:92:6: note: 'vfprintf' is a builtin with type 'int ()'
1 warning generated.
configure:13616: $? = 0
configure:13616: result: yes
configure:13616: checking for vsprintf
configure:13616: gcc -o conftest -g -O2   conftest.c  >&5
conftest.c:93:6: warning: incompatible redeclaration of library function 'vsprintf' [-Wincompatible-library-redeclaration]
char vsprintf ();
     ^
conftest.c:93:6: note: 'vsprintf' is a builtin with type 'int (char *, const char *, __va_list_tag *)'
1 warning generated.
configure:13616: $? = 0
configure:13616: result: yes
configure:13616: checking for vsnprintf
configure:13616: gcc -o conftest -g -O2   conftest.c  >&5
conftest.c:94:6: warning: incompatible redeclaration of library function 'vsnprintf' [-Wincompatible-library-redeclaration]
char vsnprintf ();
     ^
conftest.c:94:6: note: 'vsnprintf' is a builtin with type 'int (char *, unsigned long, const char *, __va_list_tag *)'
1 warning generated.
configure:13616: $? = 0
configure:13616: result: yes
configure:13616: checking for sscanf
configure:13616: gcc -o conftest -g -O2   conftest.c  >&5
conftest.c:95:6: warning: incompatible redeclaration of library function 'sscanf' [-Wincompatible-library-redeclaration]
char sscanf ();
     ^
conftest.c:95:6: note: 'sscanf' is a builtin with type 'int (const char *restrict, const char *restrict, ...)'
1 warning generated.
configure:13616: $? = 0
configure:13616: result: yes
configure:13628: checking for va_copy
configure:13642: gcc -o conftest -g -O2   conftest.c  >&5
configure:13642: $? = 0
configure:13649: result: yes
configure:13686: checking for library containing gethostent
configure:13717: gcc -o conftest -g -O2   conftest.c  >&5
configure:13717: $? = 0
configure:13734: result: none required
configure:13742: checking for library containing setsockopt
configure:13773: gcc -o conftest -g -O2   conftest.c  >&5
configure:13773: $? = 0
configure:13790: result: none required
configure:13798: checking for library containing connect
configure:13829: gcc -o conftest -g -O2   conftest.c  >&5
configure:13829: $? = 0
configure:13846: result: none required
configure:13855: checking for type of socket length (socklen_t)
configure:13869: gcc -c -g -O2  conftest.c >&5
configure:13872: result: socklen_t *
configure:13942: checking whether to enable IPv6
configure:13974: gcc -c -g -O2  conftest.c >&5
configure:13974: $? = 0
configure:13981: result: yes
configure:13990: checking struct sockaddr::ss_family
configure:14009: gcc -c -g -O2  conftest.c >&5
configure:14009: $? = 0
configure:14016: result: yes
configure:14061: checking for getaddrinfo
configure:14061: gcc -o conftest -g -O2   conftest.c  >&5
configure:14061: $? = 0
configure:14061: result: yes
configure:14122: checking for isnan
configure:14122: gcc -o conftest -g -O2   conftest.c  >&5
configure:14122: $? = 0
configure:14122: result: yes
configure:14173: checking for isinf
configure:14173: gcc -o conftest -g -O2   conftest.c  >&5
configure:14173: $? = 0
configure:14173: result: yes
configure:14312: checking for python
configure:14330: found /usr/bin/python
configure:14342: result: /usr/bin/python
configure:14480: checking for shl_load
configure:14480: gcc -o conftest -g -O2 -pedantic -W -Wformat -Wunused -Wimplicit -Wreturn-type -Wswitch -Wcomment -Wtrigraphs -Wformat -Wchar-subscripts -Wuninitialized -Wparentheses -Wshadow -Wpointer-arith -Wcast-align -Wwrite-strings -Waggregate-return -Wstrict-prototypes -Wmissing-prototypes -Wnested-externs -Winline -Wredundant-decls   conftest.c  >&5
Undefined symbols for architecture x86_64:
  "_shl_load", referenced from:
      _main in conftest-ecea5f.o
ld: symbol(s) not found for architecture x86_64
clang: error: linker command failed with exit code 1 (use -v to see invocation)
configure:14480: $? = 1
configure: failed program was:
| /* confdefs.h */
| #define PACKAGE_NAME ""
| #define PACKAGE_TARNAME ""
| #define PACKAGE_VERSION ""
| #define PACKAGE_STRING ""
| #define PACKAGE_BUGREPORT ""
| #define PACKAGE_URL ""
| #define PACKAGE "libxml2"
| #define VERSION "2.7.8"
| #define STDC_HEADERS 1
| #define HAVE_SYS_TYPES_H 1
| #define HAVE_SYS_STAT_H 1
| #define HAVE_STDLIB_H 1
| #define HAVE_STRING_H 1
| #define HAVE_MEMORY_H 1
| #define HAVE_STRINGS_H 1
| #define HAVE_INTTYPES_H 1
| #define HAVE_STDINT_H 1
| #define HAVE_UNISTD_H 1
| #define HAVE_DLFCN_H 1
| #define LT_OBJDIR ".libs/"
| #define HAVE_ZLIB_H 1
| #define HAVE_LIBZ 1
| #define HAVE_DIRENT_H 1
| #define STDC_HEADERS 1
| #define HAVE_FCNTL_H 1
| #define HAVE_UNISTD_H 1
| #define HAVE_CTYPE_H 1
| #define HAVE_DIRENT_H 1
| #define HAVE_ERRNO_H 1
| #define HAVE_STDARG_H 1
| #define HAVE_SYS_STAT_H 1
| #define HAVE_SYS_TYPES_H 1
| #define HAVE_STDINT_H 1
| #define HAVE_TIME_H 1
| #define HAVE_MATH_H 1
| #define HAVE_LIMITS_H 1
| #define HAVE_FLOAT_H 1
| #define HAVE_STDLIB_H 1
| #define HAVE_SYS_SOCKET_H 1
| #define HAVE_NETINET_IN_H 1
| #define HAVE_ARPA_INET_H 1
| #define HAVE_NETDB_H 1
| #define HAVE_SYS_TIME_H 1
| #define HAVE_SYS_SELECT_H 1
| #define HAVE_POLL_H 1
| #define HAVE_SYS_MMAN_H 1
| #define HAVE_SYS_TIMEB_H 1
| #define HAVE_SIGNAL_H 1
| #define HAVE_ARPA_NAMESER_H 1
| #define HAVE_RESOLV_H 1
| #define HAVE_DLFCN_H 1
| #define HAVE_STRFTIME 1
| #define HAVE_STRDUP 1
| #define HAVE_STRNDUP 1
| #define HAVE_STRERROR 1
| #define HAVE_FINITE 1
| #define HAVE_STRFTIME 1
| #define HAVE_LOCALTIME 1
| #define HAVE_GETTIMEOFDAY 1
| #define HAVE_FTIME 1
| #define HAVE_STAT 1
| #define HAVE_SIGNAL 1
| #define HAVE_PRINTF 1
| #define HAVE_SPRINTF 1
| #define HAVE_FPRINTF 1
| #define HAVE_SNPRINTF 1
| #define HAVE_VFPRINTF 1
| #define HAVE_VSPRINTF 1
| #define HAVE_VSNPRINTF 1
| #define HAVE_SSCANF 1
| #define HAVE_VA_COPY 1
| #define XML_SOCKLEN_T socklen_t
| #define SUPPORT_IP6 /**/
| #define HAVE_GETADDRINFO /**/
| #define HAVE_ISNAN /**/
| #define HAVE_ISINF /**/
| /* end confdefs.h.  */
| /* Define shl_load to an innocuous variant, in case <limits.h> declares shl_load.
|    For example, HP-UX 11i <limits.h> declares gettimeofday.  */
| #define shl_load innocuous_shl_load
| 
| /* System header to define __stub macros and hopefully few prototypes,
|     which can conflict with char shl_load (); below.
|     Prefer <limits.h> to <assert.h> if __STDC__ is defined, since
|     <limits.h> exists even on freestanding compilers.  */
| 
| #ifdef __STDC__
| # include <limits.h>
| #else
| # include <assert.h>
| #endif
| 
| #undef shl_load
| 
| /* Override any GCC internal prototype to avoid an error.
|    Use char because int might match the return type of a GCC
|    builtin and then its argument prototype would still apply.  */
| #ifdef __cplusplus
| extern "C"
| #endif
| char shl_load ();
| /* The GNU C library defines this for functions which it implements
|     to always fail with ENOSYS.  Some functions are actually named
|     something starting with __ and the normal name is an alias.  */
| #if defined __stub_shl_load || defined __stub___shl_load
| choke me
| #endif
| 
| int
| main ()
| {
| return shl_load ();
|   ;
|   return 0;
| }
configure:14480: result: no
configure:14485: checking for shl_load in -ldld
configure:14510: gcc -o conftest -g -O2 -pedantic -W -Wformat -Wunused -Wimplicit -Wreturn-type -Wswitch -Wcomment -Wtrigraphs -Wformat -Wchar-subscripts -Wuninitialized -Wparentheses -Wshadow -Wpointer-arith -Wcast-align -Wwrite-strings -Waggregate-return -Wstrict-prototypes -Wmissing-prototypes -Wnested-externs -Winline -Wredundant-decls   conftest.c -ldld   >&5
ld: library not found for -ldld
clang: error: linker command failed with exit code 1 (use -v to see invocation)
configure:14510: $? = 1
configure: failed program was:
| /* confdefs.h */
| #define PACKAGE_NAME ""
| #define PACKAGE_TARNAME ""
| #define PACKAGE_VERSION ""
| #define PACKAGE_STRING ""
| #define PACKAGE_BUGREPORT ""
| #define PACKAGE_URL ""
| #define PACKAGE "libxml2"
| #define VERSION "2.7.8"
| #define STDC_HEADERS 1
| #define HAVE_SYS_TYPES_H 1
| #define HAVE_SYS_STAT_H 1
| #define HAVE_STDLIB_H 1
| #define HAVE_STRING_H 1
| #define HAVE_MEMORY_H 1
| #define HAVE_STRINGS_H 1
| #define HAVE_INTTYPES_H 1
| #define HAVE_STDINT_H 1
| #define HAVE_UNISTD_H 1
| #define HAVE_DLFCN_H 1
| #define LT_OBJDIR ".libs/"
| #define HAVE_ZLIB_H 1
| #define HAVE_LIBZ 1
| #define HAVE_DIRENT_H 1
| #define STDC_HEADERS 1
| #define HAVE_FCNTL_H 1
| #define HAVE_UNISTD_H 1
| #define HAVE_CTYPE_H 1
| #define HAVE_DIRENT_H 1
| #define HAVE_ERRNO_H 1
| #define HAVE_STDARG_H 1
| #define HAVE_SYS_STAT_H 1
| #define HAVE_SYS_TYPES_H 1
| #define HAVE_STDINT_H 1
| #define HAVE_TIME_H 1
| #define HAVE_MATH_H 1
| #define HAVE_LIMITS_H 1
| #define HAVE_FLOAT_H 1
| #define HAVE_STDLIB_H 1
| #define HAVE_SYS_SOCKET_H 1
| #define HAVE_NETINET_IN_H 1
| #define HAVE_ARPA_INET_H 1
| #define HAVE_NETDB_H 1
| #define HAVE_SYS_TIME_H 1
| #define HAVE_SYS_SELECT_H 1
| #define HAVE_POLL_H 1
| #define HAVE_SYS_MMAN_H 1
| #define HAVE_SYS_TIMEB_H 1
| #define HAVE_SIGNAL_H 1
| #define HAVE_ARPA_NAMESER_H 1
| #define HAVE_RESOLV_H 1
| #define HAVE_DLFCN_H 1
| #define HAVE_STRFTIME 1
| #define HAVE_STRDUP 1
| #define HAVE_STRNDUP 1
| #define HAVE_STRERROR 1
| #define HAVE_FINITE 1
| #define HAVE_STRFTIME 1
| #define HAVE_LOCALTIME 1
| #define HAVE_GETTIMEOFDAY 1
| #define HAVE_FTIME 1
| #define HAVE_STAT 1
| #define HAVE_SIGNAL 1
| #define HAVE_PRINTF 1
| #define HAVE_SPRINTF 1
| #define HAVE_FPRINTF 1
| #define HAVE_SNPRINTF 1
| #define HAVE_VFPRINTF 1
| #define HAVE_VSPRINTF 1
| #define HAVE_VSNPRINTF 1
| #define HAVE_SSCANF 1
| #define HAVE_VA_COPY 1
| #define XML_SOCKLEN_T socklen_t
| #define SUPPORT_IP6 /**/
| #define HAVE_GETADDRINFO /**/
| #define HAVE_ISNAN /**/
| #define HAVE_ISINF /**/
| /* end confdefs.h.  */
| 
| /* Override any GCC internal prototype to avoid an error.
|    Use char because int might match the return type of a GCC
|    builtin and then its argument prototype would still apply.  */
| #ifdef __cplusplus
| extern "C"
| #endif
| char shl_load ();
| int
| main ()
| {
| return shl_load ();
|   ;
|   return 0;
| }
configure:14519: result: no
configure:14527: checking for dlopen
configure:14527: gcc -o conftest -g -O2 -pedantic -W -Wformat -Wunused -Wimplicit -Wreturn-type -Wswitch -Wcomment -Wtrigraphs -Wformat -Wchar-subscripts -Wuninitialized -Wparentheses -Wshadow -Wpointer-arith -Wcast-align -Wwrite-strings -Waggregate-return -Wstrict-prototypes -Wmissing-prototypes -Wnested-externs -Winline -Wredundant-decls   conftest.c  >&5
configure:14527: $? = 0
configure:14527: result: yes
configure:14673: checking pthread.h usability
configure:14673: gcc -c -g -O2 -pedantic -W -Wformat -Wunused -Wimplicit -Wreturn-type -Wswitch -Wcomment -Wtrigraphs -Wformat -Wchar-subscripts -Wuninitialized -Wparentheses -Wshadow -Wpointer-arith -Wcast-align -Wwrite-strings -Waggregate-return -Wstrict-prototypes -Wmissing-prototypes -Wnested-externs -Winline -Wredundant-decls  conftest.c >&5
configure:14673: $? = 0
configure:14673: result: yes
configure:14673: checking pthread.h presence
configure:14673: gcc -E  conftest.c
configure:14673: $? = 0
configure:14673: result: yes
configure:14673: checking for pthread.h
configure:14673: result: yes
configure:14675: checking for pthread_join in -lpthread
configure:14700: gcc -o conftest -g -O2 -pedantic -W -Wformat -Wunused -Wimplicit -Wreturn-type -Wswitch -Wcomment -Wtrigraphs -Wformat -Wchar-subscripts -Wuninitialized -Wparentheses -Wshadow -Wpointer-arith -Wcast-align -Wwrite-strings -Waggregate-return -Wstrict-prototypes -Wmissing-prototypes -Wnested-externs -Winline -Wredundant-decls   conftest.c -lpthread   >&5
configure:14700: $? = 0
configure:14709: result: yes
configure:15184: checking iconv.h usability
configure:15184: gcc -c -g -O2 -pedantic -W -Wformat -Wunused -Wimplicit -Wreturn-type -Wswitch -Wcomment -Wtrigraphs -Wformat -Wchar-subscripts -Wuninitialized -Wparentheses -Wshadow -Wpointer-arith -Wcast-align -Wwrite-strings -Waggregate-return -Wstrict-prototypes -Wmissing-prototypes -Wnested-externs -Winline -Wredundant-decls  -I/Users/wonjafairbrother1/dev/src/tritium_oss/clibs/include conftest.c >&5
configure:15184: $? = 0
configure:15184: result: yes
configure:15184: checking iconv.h presence
configure:15184: gcc -E  -I/Users/wonjafairbrother1/dev/src/tritium_oss/clibs/include conftest.c
configure:15184: $? = 0
configure:15184: result: yes
configure:15184: checking for iconv.h
configure:15184: result: yes
configure:15186: checking for iconv
configure:15202: gcc -o conftest -g -O2 -pedantic -W -Wformat -Wunused -Wimplicit -Wreturn-type -Wswitch -Wcomment -Wtrigraphs -Wformat -Wchar-subscripts -Wuninitialized -Wparentheses -Wshadow -Wpointer-arith -Wcast-align -Wwrite-strings -Waggregate-return -Wstrict-prototypes -Wmissing-prototypes -Wnested-externs -Winline -Wredundant-decls  -I/Users/wonjafairbrother1/dev/src/tritium_oss/clibs/include  conftest.c  >&5
Undefined symbols for architecture x86_64:
  "_libiconv", referenced from:
      _main in conftest-541fba.o
  "_libiconv_open", referenced from:
      _main in conftest-541fba.o
ld: symbol(s) not found for architecture x86_64
clang: error: linker command failed with exit code 1 (use -v to see invocation)
configure:15202: $? = 1
configure: failed program was:
| /* confdefs.h */
| #define PACKAGE_NAME ""
| #define PACKAGE_TARNAME ""
| #define PACKAGE_VERSION ""
| #define PACKAGE_STRING ""
| #define PACKAGE_BUGREPORT ""
| #define PACKAGE_URL ""
| #define PACKAGE "libxml2"
| #define VERSION "2.7.8"
| #define STDC_HEADERS 1
| #define HAVE_SYS_TYPES_H 1
| #define HAVE_SYS_STAT_H 1
| #define HAVE_STDLIB_H 1
| #define HAVE_STRING_H 1
| #define HAVE_MEMORY_H 1
| #define HAVE_STRINGS_H 1
| #define HAVE_INTTYPES_H 1
| #define HAVE_STDINT_H 1
| #define HAVE_UNISTD_H 1
| #define HAVE_DLFCN_H 1
| #define LT_OBJDIR ".libs/"
| #define HAVE_ZLIB_H 1
| #define HAVE_LIBZ 1
| #define HAVE_DIRENT_H 1
| #define STDC_HEADERS 1
| #define HAVE_FCNTL_H 1
| #define HAVE_UNISTD_H 1
| #define HAVE_CTYPE_H 1
| #define HAVE_DIRENT_H 1
| #define HAVE_ERRNO_H 1
| #define HAVE_STDARG_H 1
| #define HAVE_SYS_STAT_H 1
| #define HAVE_SYS_TYPES_H 1
| #define HAVE_STDINT_H 1
| #define HAVE_TIME_H 1
| #define HAVE_MATH_H 1
| #define HAVE_LIMITS_H 1
| #define HAVE_FLOAT_H 1
| #define HAVE_STDLIB_H 1
| #define HAVE_SYS_SOCKET_H 1
| #define HAVE_NETINET_IN_H 1
| #define HAVE_ARPA_INET_H 1
| #define HAVE_NETDB_H 1
| #define HAVE_SYS_TIME_H 1
| #define HAVE_SYS_SELECT_H 1
| #define HAVE_POLL_H 1
| #define HAVE_SYS_MMAN_H 1
| #define HAVE_SYS_TIMEB_H 1
| #define HAVE_SIGNAL_H 1
| #define HAVE_ARPA_NAMESER_H 1
| #define HAVE_RESOLV_H 1
| #define HAVE_DLFCN_H 1
| #define HAVE_STRFTIME 1
| #define HAVE_STRDUP 1
| #define HAVE_STRNDUP 1
| #define HAVE_STRERROR 1
| #define HAVE_FINITE 1
| #define HAVE_STRFTIME 1
| #define HAVE_LOCALTIME 1
| #define HAVE_GETTIMEOFDAY 1
| #define HAVE_FTIME 1
| #define HAVE_STAT 1
| #define HAVE_SIGNAL 1
| #define HAVE_PRINTF 1
| #define HAVE_SPRINTF 1
| #define HAVE_FPRINTF 1
| #define HAVE_SNPRINTF 1
| #define HAVE_VFPRINTF 1
| #define HAVE_VSPRINTF 1
| #define HAVE_VSNPRINTF 1
| #define HAVE_SSCANF 1
| #define HAVE_VA_COPY 1
| #define XML_SOCKLEN_T socklen_t
| #define SUPPORT_IP6 /**/
| #define HAVE_GETADDRINFO /**/
| #define HAVE_ISNAN /**/
| #define HAVE_ISINF /**/
| #define HAVE_DLOPEN /**/
| #define HAVE_LIBPTHREAD /**/
| #define HAVE_PTHREAD_H /**/
| /* end confdefs.h.  */
| #include <stdlib.h>
| #include <iconv.h>
| int
| main ()
| {
| 
| iconv_t cd = iconv_open ("","");
| iconv (cd, NULL, NULL, NULL, NULL);
|   ;
|   return 0;
| }
configure:15209: result: no
configure:15211: checking for iconv in -liconv
configure:15233: gcc -o conftest -g -O2 -pedantic -W -Wformat -Wunused -Wimplicit -Wreturn-type -Wswitch -Wcomment -Wtrigraphs -Wformat -Wchar-subscripts -Wuninitialized -Wparentheses -Wshadow -Wpointer-arith -Wcast-align -Wwrite-strings -Waggregate-return -Wstrict-prototypes -Wmissing-prototypes -Wnested-externs -Winline -Wredundant-decls  -I/Users/wonjafairbrother1/dev/src/tritium_oss/clibs/include  -L/Users/wonjafairbrother1/dev/src/tritium_oss/clibs/lib conftest.c  -liconv >&5
configure:15233: $? = 0
configure:15235: result: yes
configure:15258: checking for iconv declaration
configure:15286: gcc -c -g -O2 -pedantic -W -Wformat -Wunused -Wimplicit -Wreturn-type -Wswitch -Wcomment -Wtrigraphs -Wformat -Wchar-subscripts -Wuninitialized -Wparentheses -Wshadow -Wpointer-arith -Wcast-align -Wwrite-strings -Waggregate-return -Wstrict-prototypes -Wmissing-prototypes -Wnested-externs -Winline -Wredundant-decls  -I/Users/wonjafairbrother1/dev/src/tritium_oss/clibs/include conftest.c >&5
configure:15286: $? = 0
configure:15297: result: 
	extern size_t iconv (iconv_t cd,  char * *inbuf, size_t *inbytesleft, char * *outbuf, size_t *outbytesleft);
configure:15610: checking that generated files are newer than configure
configure:15616: result: done
configure:15655: creating ./config.status

## ---------------------- ##
## Running config.status. ##
## ---------------------- ##

This file was extended by config.status, which was
generated by GNU Autoconf 2.69.  Invocation command line was

  CONFIG_FILES    = 
  CONFIG_HEADERS  = 
  CONFIG_LINKS    = 
  CONFIG_COMMANDS = 
  $ ./config.status 

on localhost

config.status:1274: creating libxml2.spec
config.status:1274: creating Makefile
config.status:1274: creating include/Makefile
config.status:1274: creating include/libxml/Makefile
config.status:1274: creating doc/Makefile
config.status:1274: creating doc/examples/Makefile
config.status:1274: creating doc/devhelp/Makefile
config.status:1274: creating example/Makefile
config.status:1274: creating python/Makefile
config.status:1274: creating python/tests/Makefile
config.status:1274: creating xstc/Makefile
config.status:1274: creating include/libxml/xmlversion.h
config.status:1274: creating xml2-config
config.status:1274: creating libxml-2.0.pc
config.status:1274: creating libxml-2.0-uninstalled.pc
config.status:1274: creating python/setup.py
config.status:1274: creating config.h
config.status:1455: config.h is unchanged
config.status:1503: executing depfiles commands
config.status:1503: executing libtool commands

## ---------------- ##
## Cache variables. ##
## ---------------- ##

ac_cv_build=x86_64-apple-darwin12.5.0
ac_cv_c_compiler_gnu=yes
ac_cv_env_CC_set=
ac_cv_env_CC_value=
ac_cv_env_CFLAGS_set=
ac_cv_env_CFLAGS_value=
ac_cv_env_CPPFLAGS_set=
ac_cv_env_CPPFLAGS_value=
ac_cv_env_CPP_set=
ac_cv_env_CPP_value=
ac_cv_env_LDFLAGS_set=
ac_cv_env_LDFLAGS_value=
ac_cv_env_LIBS_set=
ac_cv_env_LIBS_value=
ac_cv_env_build_alias_set=
ac_cv_env_build_alias_value=
ac_cv_env_host_alias_set=
ac_cv_env_host_alias_value=
ac_cv_env_target_alias_set=
ac_cv_env_target_alias_value=
ac_cv_func__stat=no
ac_cv_func_class=no
ac_cv_func_dlopen=yes
ac_cv_func_finite=yes
ac_cv_func_fp_class=no
ac_cv_func_fpclass=no
ac_cv_func_fprintf=yes
ac_cv_func_ftime=yes
ac_cv_func_getaddrinfo=yes
ac_cv_func_gettimeofday=yes
ac_cv_func_isinf=yes
ac_cv_func_isnan=yes
ac_cv_func_isnand=no
ac_cv_func_localtime=yes
ac_cv_func_printf=yes
ac_cv_func_shl_load=no
ac_cv_func_signal=yes
ac_cv_func_snprintf=yes
ac_cv_func_sprintf=yes
ac_cv_func_sscanf=yes
ac_cv_func_stat=yes
ac_cv_func_strdup=yes
ac_cv_func_strerror=yes
ac_cv_func_strftime=yes
ac_cv_func_strndup=yes
ac_cv_func_vfprintf=yes
ac_cv_func_vsnprintf=yes
ac_cv_func_vsprintf=yes
ac_cv_header_ansidecl_h=no
ac_cv_header_arpa_inet_h=yes
ac_cv_header_arpa_nameser_h=yes
ac_cv_header_ctype_h=yes
ac_cv_header_dirent_dirent_h=yes
ac_cv_header_dirent_h=yes
ac_cv_header_dl_h=no
ac_cv_header_dlfcn_h=yes
ac_cv_header_errno_h=yes
ac_cv_header_fcntl_h=yes
ac_cv_header_float_h=yes
ac_cv_header_fp_class_h=no
ac_cv_header_iconv_h=yes
ac_cv_header_ieeefp_h=no
ac_cv_header_inttypes_h=yes
ac_cv_header_inttypes_h_h=no
ac_cv_header_limits_h=yes
ac_cv_header_malloc_h=no
ac_cv_header_math_h=yes
ac_cv_header_memory_h=yes
ac_cv_header_nan_h=no
ac_cv_header_netdb_h=yes
ac_cv_header_netinet_in_h=yes
ac_cv_header_poll_h=yes
ac_cv_header_pthread_h=yes
ac_cv_header_resolv_h=yes
ac_cv_header_signal_h=yes
ac_cv_header_stdarg_h=yes
ac_cv_header_stdc=yes
ac_cv_header_stdint_h=yes
ac_cv_header_stdlib_h=yes
ac_cv_header_string_h=yes
ac_cv_header_strings_h=yes
ac_cv_header_sys_mman_h=yes
ac_cv_header_sys_select_h=yes
ac_cv_header_sys_socket_h=yes
ac_cv_header_sys_stat_h=yes
ac_cv_header_sys_time_h=yes
ac_cv_header_sys_timeb_h=yes
ac_cv_header_sys_types_h=yes
ac_cv_header_time_h=yes
ac_cv_header_unistd_h=yes
ac_cv_header_zlib_h=yes
ac_cv_host=x86_64-apple-darwin12.5.0
ac_cv_lib_dld_shl_load=no
ac_cv_lib_pthread_pthread_join=yes
ac_cv_lib_z_gzread=yes
ac_cv_objext=o
ac_cv_path_EGREP='/usr/bin/grep -E'
ac_cv_path_FGREP='/usr/bin/grep -F'
ac_cv_path_GREP=/usr/bin/grep
ac_cv_path_MV=/bin/mv
ac_cv_path_PERL=/usr/bin/perl
ac_cv_path_PYTHON=/usr/bin/python
ac_cv_path_RM=/bin/rm
ac_cv_path_SED=/usr/bin/sed
ac_cv_path_TAR=/usr/bin/tar
ac_cv_path_WGET=/usr/local/bin/wget
ac_cv_path_XMLLINT=/usr/bin/xmllint
ac_cv_path_XSLTPROC=/usr/bin/xsltproc
ac_cv_path_install='/usr/bin/install -c'
ac_cv_prog_AWK=awk
ac_cv_prog_CPP='gcc -E'
ac_cv_prog_ac_ct_AR=ar
ac_cv_prog_ac_ct_CC=gcc
ac_cv_prog_ac_ct_DLLTOOL=dlltool
ac_cv_prog_ac_ct_DSYMUTIL=dsymutil
ac_cv_prog_ac_ct_LIPO=lipo
ac_cv_prog_ac_ct_NMEDIT=nmedit
ac_cv_prog_ac_ct_OBJDUMP=objdump
ac_cv_prog_ac_ct_OTOOL=otool
ac_cv_prog_ac_ct_RANLIB=ranlib
ac_cv_prog_ac_ct_STRIP=strip
ac_cv_prog_cc_c89=
ac_cv_prog_cc_g=yes
ac_cv_prog_make_make_set=yes
ac_cv_search_connect='none required'
ac_cv_search_gethostent='none required'
ac_cv_search_opendir='none required'
ac_cv_search_setsockopt='none required'
am_cv_CC_dependencies_compiler_type=gcc3
am_cv_make_support_nested_variables=yes
am_cv_prog_cc_c_o=yes
lt_cv_apple_cc_single_mod=yes
lt_cv_ar_at_file=no
lt_cv_deplibs_check_method=pass_all
lt_cv_file_magic_cmd='$MAGIC_CMD'
lt_cv_file_magic_test_file=
lt_cv_ld_exported_symbols_list=yes
lt_cv_ld_force_load=yes
lt_cv_ld_reload_flag=-r
lt_cv_nm_interface='BSD nm'
lt_cv_objdir=.libs
lt_cv_path_LD=/Applications/Xcode.app/Contents/Developer/Toolchains/XcodeDefault.xctoolchain/usr/bin/ld
lt_cv_path_NM=/usr/bin/nm
lt_cv_path_mainfest_tool=no
lt_cv_prog_compiler_c_o=yes
lt_cv_prog_compiler_pic='-fno-common -DPIC'
lt_cv_prog_compiler_pic_works=yes
lt_cv_prog_compiler_rtti_exceptions=yes
lt_cv_prog_compiler_static_works=no
lt_cv_prog_gnu_ld=no
lt_cv_sharedlib_from_linklib_cmd='printf %s\n'
lt_cv_sys_global_symbol_pipe='sed -n -e '\''s/^.*[	 ]\([BCDEGRST][BCDEGRST]*\)[	 ][	 ]*_\([_A-Za-z][_A-Za-z0-9]*\)$/\1 _\2 \2/p'\'' | sed '\''/ __gnu_lto/d'\'''
lt_cv_sys_global_symbol_to_c_name_address='sed -n -e '\''s/^: \([^ ]*\)[ ]*$/  {\"\1\", (void *) 0},/p'\'' -e '\''s/^[BCDEGRST]* \([^ ]*\) \([^ ]*\)$/  {"\2", (void *) \&\2},/p'\'''
lt_cv_sys_global_symbol_to_c_name_address_lib_prefix='sed -n -e '\''s/^: \([^ ]*\)[ ]*$/  {\"\1\", (void *) 0},/p'\'' -e '\''s/^[BCDEGRST]* \([^ ]*\) \(lib[^ ]*\)$/  {"\2", (void *) \&\2},/p'\'' -e '\''s/^[BCDEGRST]* \([^ ]*\) \([^ ]*\)$/  {"lib\2", (void *) \&\2},/p'\'''
lt_cv_sys_global_symbol_to_cdecl='sed -n -e '\''s/^T .* \(.*\)$/extern int \1();/p'\'' -e '\''s/^[BCDEGRST]* .* \(.*\)$/extern char \1;/p'\'''
lt_cv_sys_max_cmd_len=196608
lt_cv_to_host_file_cmd=func_convert_file_noop
lt_cv_to_tool_file_cmd=func_convert_file_noop
xml_cv_iconv_arg2=
xml_cv_iconv_decl='extern size_t iconv (iconv_t cd,  char * *inbuf, size_t *inbytesleft, char * *outbuf, size_t *outbytesleft);'

## ----------------- ##
## Output variables. ##
## ----------------- ##

ACLOCAL='${SHELL} /Users/wonjafairbrother1/dev/src/tritium_oss/clibs/src/libxml2/missing aclocal-1.14'
AMDEPBACKSLASH='\'
AMDEP_FALSE='#'
AMDEP_TRUE=''
AMTAR='$${TAR-tar}'
AM_BACKSLASH='\'
AM_DEFAULT_V='$(AM_DEFAULT_VERBOSITY)'
AM_DEFAULT_VERBOSITY='1'
AM_V='$(V)'
AR='ar'
AS='as'
AUTOCONF='${SHELL} /Users/wonjafairbrother1/dev/src/tritium_oss/clibs/src/libxml2/missing autoconf'
AUTOHEADER='${SHELL} /Users/wonjafairbrother1/dev/src/tritium_oss/clibs/src/libxml2/missing autoheader'
AUTOMAKE='${SHELL} /Users/wonjafairbrother1/dev/src/tritium_oss/clibs/src/libxml2/missing automake-1.14'
AWK='awk'
BASE_THREAD_LIBS=''
C14N_OBJ='c14n.c'
CATALOG_OBJ='catalog.o'
CC='gcc'
CCDEPMODE='depmode=gcc3'
CFLAGS='-g -O2 -pedantic -W -Wformat -Wunused -Wimplicit -Wreturn-type -Wswitch -Wcomment -Wtrigraphs -Wformat -Wchar-subscripts -Wuninitialized -Wparentheses -Wshadow -Wpointer-arith -Wcast-align -Wwrite-strings -Waggregate-return -Wstrict-prototypes -Wmissing-prototypes -Wnested-externs -Winline -Wredundant-decls'
CPP='gcc -E'
CPPFLAGS=' -I/Users/wonjafairbrother1/dev/src/tritium_oss/clibs/include'
CYGPATH_W='echo'
CYGWIN_EXTRA_LDFLAGS=''
CYGWIN_EXTRA_PYTHON_LIBADD=''
DEBUG_OBJ='debugXML.o'
DEFS='-DHAVE_CONFIG_H'
DEPDIR='.deps'
DLLTOOL='dlltool'
DOCB_OBJ='DOCBparser.o'
DSYMUTIL='dsymutil'
DUMPBIN=''
ECHO_C='\c'
ECHO_N=''
ECHO_T=''
EGREP='/usr/bin/grep -E'
EXEEXT=''
FGREP='/usr/bin/grep -F'
FTP_OBJ='nanoftp.o'
GREP='/usr/bin/grep'
HAVE_ISINF=''
HAVE_ISNAN=''
HTML_DIR='$(datadir)/doc/$(PACKAGE)-$(VERSION)/html'
HTML_OBJ='HTMLparser.o HTMLtree.o'
HTTP_OBJ='nanohttp.o'
ICONV_LIBS='-L/Users/wonjafairbrother1/dev/src/tritium_oss/clibs/lib -liconv'
INSTALL_DATA='${INSTALL} -m 644'
INSTALL_PROGRAM='${INSTALL}'
INSTALL_SCRIPT='${INSTALL}'
INSTALL_STRIP_PROGRAM='$(install_sh) -c -s'
LD='/Applications/Xcode.app/Contents/Developer/Toolchains/XcodeDefault.xctoolchain/usr/bin/ld'
LDFLAGS=''
LIBOBJS=''
LIBS=''
LIBTOOL='$(SHELL) $(top_builddir)/libtool'
LIBXML_MAJOR_VERSION='2'
LIBXML_MICRO_VERSION='8'
LIBXML_MINOR_VERSION='7'
LIBXML_VERSION='2.7.8'
LIBXML_VERSION_EXTRA=''
LIBXML_VERSION_INFO='9:8:7'
LIBXML_VERSION_NUMBER='20708'
LIPO='lipo'
LN_S='ln -s'
LTLIBOBJS=''
MAKEINFO='${SHELL} /Users/wonjafairbrother1/dev/src/tritium_oss/clibs/src/libxml2/missing makeinfo'
MANIFEST_TOOL=':'
MKDIR_P='./install-sh -c -d'
MODULE_EXTENSION='.so'
MODULE_PLATFORM_LIBS=''
MV='/bin/mv'
M_LIBS='-lm'
NM='/usr/bin/nm'
NMEDIT='nmedit'
OBJDUMP='objdump'
OBJEXT='o'
OTOOL64=':'
OTOOL='otool'
PACKAGE='libxml2'
PACKAGE_BUGREPORT=''
PACKAGE_NAME=''
PACKAGE_STRING=''
PACKAGE_TARNAME=''
PACKAGE_URL=''
PACKAGE_VERSION=''
PATH_SEPARATOR=':'
PERL='/usr/bin/perl'
PYTHON='/usr/bin/python'
PYTHON_INCLUDES='/usr/include/python2.7'
PYTHON_LIBS='-L/System/Library/Frameworks/Python.framework/Versions/2.7/lib/python2.7/config -ldl -framework CoreFoundation -lpython2.7 -u _PyMac_Error /System/Library/Frameworks/Python.framework/Versions/2.7/Python'
PYTHON_SITE_PACKAGES='/Library/Python/2.7/site-packages'
PYTHON_SUBDIR='python'
PYTHON_TESTS=' RelaxNGPythonTests SchemasPythonTests'
PYTHON_VERSION='2.7'
RANLIB='ranlib'
RDL_LIBS=''
READER_TEST='Readertests'
REBUILD_DOCS_FALSE=''
REBUILD_DOCS_TRUE='#'
RELDATE='Thu Jul 17 2014'
RM='/bin/rm'
SED='/usr/bin/sed'
SET_MAKE=''
SHELL='/bin/sh'
STATIC_BINARIES=''
STRIP='strip'
TAR='/usr/bin/tar'
TEST_C14N='C14Ntests'
TEST_CATALOG='Catatests'
TEST_DEBUG='Scripttests'
TEST_HTML='HTMLtests'
TEST_MODULES='ModuleTests'
TEST_PATTERN='Patterntests'
TEST_PHTML='HTMLPushtests'
TEST_PUSH='XMLPushtests'
TEST_REGEXPS='Regexptests Automatatests'
TEST_SAX='SAXtests'
TEST_SCHEMAS='Schemastests Relaxtests'
TEST_SCHEMATRON='Schematrontests'
TEST_THREADS='Threadtests'
TEST_VALID='Validtests'
TEST_VTIME='VTimingtests'
TEST_XINCLUDE='XIncludetests'
TEST_XPATH='XPathtests'
TEST_XPTR='XPtrtests'
THREADS_W32=''
THREAD_CFLAGS=' -D_REENTRANT'
THREAD_LIBS='-lpthread'
USE_VERSION_SCRIPT_FALSE=''
USE_VERSION_SCRIPT_TRUE='#'
VERSION='2.7.8'
VERSION_SCRIPT_FLAGS=''
WGET='/usr/local/bin/wget'
WIN32_EXTRA_LDFLAGS=''
WIN32_EXTRA_LIBADD=''
WIN32_EXTRA_PYTHON_LIBADD=''
WITH_C14N='1'
WITH_CATALOG='1'
WITH_DEBUG='1'
WITH_DOCB='1'
WITH_FTP='1'
WITH_HTML='1'
WITH_HTTP='1'
WITH_ICONV='1'
WITH_ICU='0'
WITH_ISO8859X='1'
WITH_LEGACY='1'
WITH_MEM_DEBUG='0'
WITH_MODULES='1'
WITH_OUTPUT='1'
WITH_PATTERN='1'
WITH_PUSH='1'
WITH_PYTHON_FALSE='#'
WITH_PYTHON_TRUE=''
WITH_READER='1'
WITH_REGEXPS='1'
WITH_RUN_DEBUG='0'
WITH_SAX1='1'
WITH_SCHEMAS='1'
WITH_SCHEMATRON='1'
WITH_THREADS='1'
WITH_TREE='1'
WITH_TRIO='0'
WITH_TRIO_SOURCES_FALSE=''
WITH_TRIO_SOURCES_TRUE='#'
WITH_VALID='1'
WITH_WRITER='1'
WITH_XINCLUDE='1'
WITH_XPATH='1'
WITH_XPTR='1'
WITH_ZLIB='1'
XINCLUDE_OBJ='xinclude.o'
XMLLINT='/usr/bin/xmllint'
XML_CFLAGS=''
XML_INCLUDEDIR='-I${includedir}/libxml2 -I/Users/wonjafairbrother1/dev/src/tritium_oss/clibs/include'
XML_LIBDIR='-L${libdir}'
XML_LIBS='-lxml2 -lz -lpthread -L/Users/wonjafairbrother1/dev/src/tritium_oss/clibs/lib -liconv -lm '
XML_LIBTOOLLIBS='libxml2.la'
XPATH_OBJ='xpath.o'
XPTR_OBJ='xpointer.o'
XSLTPROC='/usr/bin/xsltproc'
Z_CFLAGS=''
Z_LIBS='-lz'
ac_ct_AR='ar'
ac_ct_CC='gcc'
ac_ct_DUMPBIN=''
am__EXEEXT_FALSE=''
am__EXEEXT_TRUE='#'
am__fastdepCC_FALSE='#'
am__fastdepCC_TRUE=''
am__include='include'
am__isrc=''
am__leading_dot='.'
am__nodep='_no'
am__quote=''
am__tar='$${TAR-tar} chof - "$$tardir"'
am__untar='$${TAR-tar} xf -'
bindir='${exec_prefix}/bin'
build='x86_64-apple-darwin12.5.0'
build_alias=''
build_cpu='x86_64'
build_os='darwin12.5.0'
build_vendor='apple'
datadir='${datarootdir}'
datarootdir='${prefix}/share'
docdir='${datarootdir}/doc/${PACKAGE}'
dvidir='${docdir}'
exec_prefix='${prefix}'
host='x86_64-apple-darwin12.5.0'
host_alias=''
host_cpu='x86_64'
host_os='darwin12.5.0'
host_vendor='apple'
htmldir='${docdir}'
includedir='${prefix}/include'
infodir='${datarootdir}/info'
install_sh='${SHELL} /Users/wonjafairbrother1/dev/src/tritium_oss/clibs/src/libxml2/install-sh'
libdir='${exec_prefix}/lib'
libexecdir='${exec_prefix}/libexec'
localedir='${datarootdir}/locale'
localstatedir='${prefix}/var'
mandir='${datarootdir}/man'
mkdir_p='$(MKDIR_P)'
oldincludedir='/usr/include'
pdfdir='${docdir}'
prefix='/Users/wonjafairbrother1/dev/src/tritium_oss/clibs/output/libxml2'
program_transform_name='s,x,x,'
psdir='${docdir}'
pythondir='$(libdir)/python$(PYTHON_VERSION)/site-packages'
sbindir='${exec_prefix}/sbin'
sharedstatedir='${prefix}/com'
sysconfdir='${prefix}/etc'
target_alias=''

## ----------- ##
## confdefs.h. ##
## ----------- ##

/* confdefs.h */
#define PACKAGE_NAME ""
#define PACKAGE_TARNAME ""
#define PACKAGE_VERSION ""
#define PACKAGE_STRING ""
#define PACKAGE_BUGREPORT ""
#define PACKAGE_URL ""
#define PACKAGE "libxml2"
#define VERSION "2.7.8"
#define STDC_HEADERS 1
#define HAVE_SYS_TYPES_H 1
#define HAVE_SYS_STAT_H 1
#define HAVE_STDLIB_H 1
#define HAVE_STRING_H 1
#define HAVE_MEMORY_H 1
#define HAVE_STRINGS_H 1
#define HAVE_INTTYPES_H 1
#define HAVE_STDINT_H 1
#define HAVE_UNISTD_H 1
#define HAVE_DLFCN_H 1
#define LT_OBJDIR ".libs/"
#define HAVE_ZLIB_H 1
#define HAVE_LIBZ 1
#define HAVE_DIRENT_H 1
#define STDC_HEADERS 1
#define HAVE_FCNTL_H 1
#define HAVE_UNISTD_H 1
#define HAVE_CTYPE_H 1
#define HAVE_DIRENT_H 1
#define HAVE_ERRNO_H 1
#define HAVE_STDARG_H 1
#define HAVE_SYS_STAT_H 1
#define HAVE_SYS_TYPES_H 1
#define HAVE_STDINT_H 1
#define HAVE_TIME_H 1
#define HAVE_MATH_H 1
#define HAVE_LIMITS_H 1
#define HAVE_FLOAT_H 1
#define HAVE_STDLIB_H 1
#define HAVE_SYS_SOCKET_H 1
#define HAVE_NETINET_IN_H 1
#define HAVE_ARPA_INET_H 1
#define HAVE_NETDB_H 1
#define HAVE_SYS_TIME_H 1
#define HAVE_SYS_SELECT_H 1
#define HAVE_POLL_H 1
#define HAVE_SYS_MMAN_H 1
#define HAVE_SYS_TIMEB_H 1
#define HAVE_SIGNAL_H 1
#define HAVE_ARPA_NAMESER_H 1
#define HAVE_RESOLV_H 1
#define HAVE_DLFCN_H 1
#define HAVE_STRFTIME 1
#define HAVE_STRDUP 1
#define HAVE_STRNDUP 1
#define HAVE_STRERROR 1
#define HAVE_FINITE 1
#define HAVE_STRFTIME 1
#define HAVE_LOCALTIME 1
#define HAVE_GETTIMEOFDAY 1
#define HAVE_FTIME 1
#define HAVE_STAT 1
#define HAVE_SIGNAL 1
#define HAVE_PRINTF 1
#define HAVE_SPRINTF 1
#define HAVE_FPRINTF 1
#define HAVE_SNPRINTF 1
#define HAVE_VFPRINTF 1
#define HAVE_VSPRINTF 1
#define HAVE_VSNPRINTF 1
#define HAVE_SSCANF 1
#define HAVE_VA_COPY 1
#define XML_SOCKLEN_T socklen_t
#define SUPPORT_IP6 /**/
#define HAVE_GETADDRINFO /**/
#define HAVE_ISNAN /**/
#define HAVE_ISINF /**/
#define HAVE_DLOPEN /**/
#define HAVE_LIBPTHREAD /**/
#define HAVE_PTHREAD_H /**/
#define ICONV_CONST 

configure: exit 0
