This file contains any messages produced by compilers while
running configure, to aid debugging if configure makes a mistake.

It was created by yaml configure 0.1.4, which was
generated by GNU Autoconf 2.68.  Invocation command line was

  $ ./configure --prefix=/Users/wonjafairbrother1/dev/clibs/output/libyaml

## --------- ##
## Platform. ##
## --------- ##

hostname = localhost
uname -m = x86_64
uname -r = 12.5.0
uname -s = Darwin
uname -v = Darwin Kernel Version 12.5.0: Sun Sep 29 13:33:47 PDT 2013; root:xnu-2050.48.12~1/RELEASE_X86_64

/usr/bin/uname -p = i386
/bin/uname -X     = unknown

/bin/arch              = unknown
/usr/bin/arch -k       = unknown
/usr/convex/getsysinfo = unknown
/usr/bin/hostinfo      = Mach kernel version:
	 Darwin Kernel Version 12.5.0: Sun Sep 29 13:33:47 PDT 2013; root:xnu-2050.48.12~1/RELEASE_X86_64
Kernel configured for up to 4 processors.
2 processors are physically available.
4 processors are logically available.
Processor type: i486 (Intel 80486)
Processors active: 0 1 2 3
Primary memory available: 8.00 gigabytes
Default processor set: 253 tasks, 1778 threads, 4 processors
Load average: 6.91, Mach factor: 0.57
/bin/machine           = unknown
/usr/bin/oslevel       = unknown
/bin/universe          = unknown

PATH: /Library/Frameworks/Python.framework/Versions/3.4/bin
PATH: /Users/wonjafairbrother1/.rvm/gems/ruby-1.9.3-p545/bin
PATH: /Users/wonjafairbrother1/.rvm/gems/ruby-1.9.3-p545@global/bin
PATH: /Users/wonjafairbrother1/.rvm/rubies/ruby-1.9.3-p545/bin
PATH: /usr/bin
PATH: /bin
PATH: /usr/sbin
PATH: /sbin
PATH: /usr/local/bin
PATH: /usr/local/go/bin
PATH: /usr/local/MacGPG2/bin
PATH: /Users/wonjafairbrother1/bin
PATH: /usr/local/Cellar
PATH: /usr/local/Cellar/ruby/1.9.3-p385/bin
PATH: /usr/local/go/bin
PATH: /usr/local/bin
PATH: /usr/bin
PATH: /bin
PATH: /usr/sbin
PATH: /sbin
PATH: /usr/local/bin
PATH: /usr/X11/bin
PATH: /opt/local/bin
PATH: /usr/local/git/bin
PATH: /Users/wonjafairbrother1/bin
PATH: /usr/local/Cellar
PATH: /usr/local/Cellar/ruby/1.9.3-p385/bin
PATH: /Users/wonjafairbrother1/.rvm/bin
PATH: /Users/wonjafairbrother1/dev/src/shell-utils/build
PATH: /Users/wonjafairbrother1/dev/bin
PATH: /Users/wonjafairbrother1/Documents/sass/sassc/bin


## ----------- ##
## Core tests. ##
## ----------- ##

configure:2286: checking for a BSD-compatible install
configure:2354: result: /usr/bin/install -c
configure:2365: checking whether build environment is sane
configure:2415: result: yes
configure:2556: checking for a thread-safe mkdir -p
configure:2595: result: config/install-sh -c -d
configure:2608: checking for gawk
configure:2638: result: no
configure:2608: checking for mawk
configure:2638: result: no
configure:2608: checking for nawk
configure:2638: result: no
configure:2608: checking for awk
configure:2624: found /usr/bin/awk
configure:2635: result: awk
configure:2646: checking whether make sets $(MAKE)
configure:2668: result: yes
configure:2824: checking for gcc
configure:2840: found /usr/bin/gcc
configure:2851: result: gcc
configure:3080: checking for C compiler version
configure:3089: gcc --version >&5
Apple LLVM version 5.1 (clang-503.0.40) (based on LLVM 3.4svn)
Target: x86_64-apple-darwin12.5.0
Thread model: posix
Configured with: --prefix=/Applications/Xcode.app/Contents/Developer/usr --with-gxx-include-dir=/usr/include/c++/4.2.1
configure:3100: $? = 0
configure:3089: gcc -v >&5
Configured with: --prefix=/Applications/Xcode.app/Contents/Developer/usr --with-gxx-include-dir=/usr/include/c++/4.2.1
Apple LLVM version 5.1 (clang-503.0.40) (based on LLVM 3.4svn)
Target: x86_64-apple-darwin12.5.0
Thread model: posix
configure:3100: $? = 0
configure:3089: gcc -V >&5
clang: error: argument to '-V' is missing (expected 1 value)
clang: error: no input files
configure:3100: $? = 1
configure:3089: gcc -qversion >&5
clang: error: unknown argument: '-qversion' [-Wunused-command-line-argument-hard-error-in-future]
clang: note: this will be a hard error (cannot be downgraded to a warning) in the future
clang: error: no input files
configure:3100: $? = 1
configure:3120: checking whether the C compiler works
configure:3142: gcc    conftest.c  >&5
configure:3146: $? = 0
configure:3194: result: yes
configure:3197: checking for C compiler default output file name
configure:3199: result: a.out
configure:3205: checking for suffix of executables
configure:3212: gcc -o conftest    conftest.c  >&5
configure:3216: $? = 0
configure:3238: result: 
configure:3260: checking whether we are cross compiling
configure:3268: gcc -o conftest    conftest.c  >&5
configure:3272: $? = 0
configure:3279: ./conftest
configure:3283: $? = 0
configure:3298: result: no
configure:3303: checking for suffix of object files
configure:3325: gcc -c   conftest.c >&5
configure:3329: $? = 0
configure:3350: result: o
configure:3354: checking whether we are using the GNU C compiler
configure:3373: gcc -c   conftest.c >&5
configure:3373: $? = 0
configure:3382: result: yes
configure:3391: checking whether gcc accepts -g
configure:3411: gcc -c -g  conftest.c >&5
configure:3411: $? = 0
configure:3452: result: yes
configure:3469: checking for gcc option to accept ISO C89
configure:3533: gcc  -c -g -O2  conftest.c >&5
configure:3533: $? = 0
configure:3546: result: none needed
configure:3577: checking for style of include used by make
configure:3605: result: GNU
configure:3631: checking dependency style of gcc
configure:3742: result: gcc3
configure:3762: checking how to run the C preprocessor
configure:3793: gcc -E  conftest.c
configure:3793: $? = 0
configure:3807: gcc -E  conftest.c
conftest.c:15:10: fatal error: 'ac_nonexistent.h' file not found
#include <ac_nonexistent.h>
         ^
1 error generated.
configure:3807: $? = 1
configure: failed program was:
| /* confdefs.h */
| #define PACKAGE_NAME "yaml"
| #define PACKAGE_TARNAME "yaml"
| #define PACKAGE_VERSION "0.1.4"
| #define PACKAGE_STRING "yaml 0.1.4"
| #define PACKAGE_BUGREPORT "http://pyyaml.org/newticket?component=libyaml"
| #define PACKAGE_URL ""
| #define PACKAGE "yaml"
| #define VERSION "0.1.4"
| #define YAML_VERSION_MAJOR 0
| #define YAML_VERSION_MINOR 1
| #define YAML_VERSION_PATCH 4
| #define YAML_VERSION_STRING "0.1.4"
| /* end confdefs.h.  */
| #include <ac_nonexistent.h>
configure:3832: result: gcc -E
configure:3852: gcc -E  conftest.c
configure:3852: $? = 0
configure:3866: gcc -E  conftest.c
conftest.c:15:10: fatal error: 'ac_nonexistent.h' file not found
#include <ac_nonexistent.h>
         ^
1 error generated.
configure:3866: $? = 1
configure: failed program was:
| /* confdefs.h */
| #define PACKAGE_NAME "yaml"
| #define PACKAGE_TARNAME "yaml"
| #define PACKAGE_VERSION "0.1.4"
| #define PACKAGE_STRING "yaml 0.1.4"
| #define PACKAGE_BUGREPORT "http://pyyaml.org/newticket?component=libyaml"
| #define PACKAGE_URL ""
| #define PACKAGE "yaml"
| #define VERSION "0.1.4"
| #define YAML_VERSION_MAJOR 0
| #define YAML_VERSION_MINOR 1
| #define YAML_VERSION_PATCH 4
| #define YAML_VERSION_STRING "0.1.4"
| /* end confdefs.h.  */
| #include <ac_nonexistent.h>
configure:3895: checking whether ln -s works
configure:3899: result: yes
configure:3906: checking whether make sets $(MAKE)
configure:3928: result: yes
configure:3966: checking build system type
configure:3980: result: x86_64-apple-darwin12.5.0
configure:4000: checking host system type
configure:4013: result: x86_64-apple-darwin12.5.0
configure:4054: checking how to print strings
configure:4081: result: printf
configure:4102: checking for a sed that does not truncate output
configure:4166: result: /usr/bin/sed
configure:4184: checking for grep that handles long lines and -e
configure:4242: result: /usr/bin/grep
configure:4247: checking for egrep
configure:4309: result: /usr/bin/grep -E
configure:4314: checking for fgrep
configure:4376: result: /usr/bin/grep -F
configure:4411: checking for ld used by gcc
configure:4478: result: /Applications/Xcode.app/Contents/Developer/Toolchains/XcodeDefault.xctoolchain/usr/bin/ld
configure:4485: checking if the linker (/Applications/Xcode.app/Contents/Developer/Toolchains/XcodeDefault.xctoolchain/usr/bin/ld) is GNU ld
configure:4500: result: no
configure:4512: checking for BSD- or MS-compatible name lister (nm)
configure:4561: result: /usr/bin/nm
configure:4691: checking the name lister (/usr/bin/nm) interface
configure:4698: gcc -c -g -O2  conftest.c >&5
configure:4701: /usr/bin/nm "conftest.o"
configure:4704: output
0000000000000240 S _some_variable
configure:4711: result: BSD nm
configure:4715: checking the maximum length of command line arguments
configure:4845: result: 196608
configure:4862: checking whether the shell understands some XSI constructs
configure:4872: result: yes
configure:4876: checking whether the shell understands "+="
configure:4882: result: yes
configure:4917: checking how to convert x86_64-apple-darwin12.5.0 file names to x86_64-apple-darwin12.5.0 format
configure:4957: result: func_convert_file_noop
configure:4964: checking how to convert x86_64-apple-darwin12.5.0 file names to toolchain format
configure:4984: result: func_convert_file_noop
configure:4991: checking for /Applications/Xcode.app/Contents/Developer/Toolchains/XcodeDefault.xctoolchain/usr/bin/ld option to reload object files
configure:4998: result: -r
configure:5072: checking for objdump
configure:5102: result: no
configure:5131: checking how to recognize dependent libraries
configure:5333: result: pass_all
configure:5418: checking for dlltool
configure:5448: result: no
configure:5478: checking how to associate runtime and link libraries
configure:5505: result: printf %s\n
configure:5566: checking for ar
configure:5582: found /usr/bin/ar
configure:5593: result: ar
configure:5630: checking for archiver @FILE support
configure:5647: gcc -c -g -O2  conftest.c >&5
configure:5647: $? = 0
configure:5650: ar cru libconftest.a @conftest.lst >&5
ar: @conftest.lst: No such file or directory
configure:5653: $? = 1
configure:5673: result: no
configure:5731: checking for strip
configure:5747: found /usr/bin/strip
configure:5758: result: strip
configure:5830: checking for ranlib
configure:5846: found /usr/bin/ranlib
configure:5857: result: ranlib
configure:5959: checking command to parse /usr/bin/nm output from gcc object
configure:6079: gcc -c -g -O2  conftest.c >&5
configure:6082: $? = 0
configure:6086: /usr/bin/nm conftest.o \| sed -n -e 's/^.*[ ]\([BCDEGRST][BCDEGRST]*\)[ ][ ]*\([_A-Za-z][_A-Za-z0-9]*\)$/\1 \2 \2/p' | sed '/ __gnu_lto/d' \> conftest.nm
configure:6089: $? = 0
cannot find nm_test_var in conftest.nm
configure:6079: gcc -c -g -O2  conftest.c >&5
configure:6082: $? = 0
configure:6086: /usr/bin/nm conftest.o \| sed -n -e 's/^.*[ ]\([BCDEGRST][BCDEGRST]*\)[ ][ ]*_\([_A-Za-z][_A-Za-z0-9]*\)$/\1 _\2 \2/p' | sed '/ __gnu_lto/d' \> conftest.nm
configure:6089: $? = 0
configure:6155: gcc -o conftest -g -O2   conftest.c conftstm.o >&5
configure:6158: $? = 0
configure:6196: result: ok
configure:6233: checking for sysroot
configure:6263: result: no
configure:6519: checking for mt
configure:6549: result: no
configure:6569: checking if : is a manifest tool
configure:6575: : '-?'
configure:6583: result: no
configure:6639: checking for dsymutil
configure:6655: found /usr/bin/dsymutil
configure:6666: result: dsymutil
configure:6731: checking for nmedit
configure:6747: found /usr/bin/nmedit
configure:6758: result: nmedit
configure:6823: checking for lipo
configure:6839: found /usr/bin/lipo
configure:6850: result: lipo
configure:6915: checking for otool
configure:6931: found /usr/bin/otool
configure:6942: result: otool
configure:7007: checking for otool64
configure:7037: result: no
configure:7082: checking for -single_module linker flag
gcc -g -O2  -o libconftest.dylib -dynamiclib -Wl,-single_module conftest.c
configure:7115: result: yes
configure:7118: checking for -exported_symbols_list linker flag
configure:7138: gcc -o conftest -g -O2   -Wl,-exported_symbols_list,conftest.sym conftest.c  >&5
configure:7138: $? = 0
configure:7148: result: yes
configure:7151: checking for -force_load linker flag
gcc -g -O2 -c -o conftest.o conftest.c
ar cru libconftest.a conftest.o
ranlib libconftest.a
gcc -g -O2  -o conftest conftest.c -Wl,-force_load,./libconftest.a
configure:7183: result: yes
configure:7221: checking for ANSI C header files
configure:7241: gcc -c -g -O2  conftest.c >&5
configure:7241: $? = 0
configure:7314: gcc -o conftest -g -O2   conftest.c  >&5
configure:7314: $? = 0
configure:7314: ./conftest
configure:7314: $? = 0
configure:7325: result: yes
configure:7338: checking for sys/types.h
configure:7338: gcc -c -g -O2  conftest.c >&5
configure:7338: $? = 0
configure:7338: result: yes
configure:7338: checking for sys/stat.h
configure:7338: gcc -c -g -O2  conftest.c >&5
configure:7338: $? = 0
configure:7338: result: yes
configure:7338: checking for stdlib.h
configure:7338: gcc -c -g -O2  conftest.c >&5
configure:7338: $? = 0
configure:7338: result: yes
configure:7338: checking for string.h
configure:7338: gcc -c -g -O2  conftest.c >&5
configure:7338: $? = 0
configure:7338: result: yes
configure:7338: checking for memory.h
configure:7338: gcc -c -g -O2  conftest.c >&5
configure:7338: $? = 0
configure:7338: result: yes
configure:7338: checking for strings.h
configure:7338: gcc -c -g -O2  conftest.c >&5
configure:7338: $? = 0
configure:7338: result: yes
configure:7338: checking for inttypes.h
configure:7338: gcc -c -g -O2  conftest.c >&5
configure:7338: $? = 0
configure:7338: result: yes
configure:7338: checking for stdint.h
configure:7338: gcc -c -g -O2  conftest.c >&5
configure:7338: $? = 0
configure:7338: result: yes
configure:7338: checking for unistd.h
configure:7338: gcc -c -g -O2  conftest.c >&5
configure:7338: $? = 0
configure:7338: result: yes
configure:7352: checking for dlfcn.h
configure:7352: gcc -c -g -O2  conftest.c >&5
configure:7352: $? = 0
configure:7352: result: yes
configure:7558: checking for objdir
configure:7573: result: .libs
configure:7844: checking if gcc supports -fno-rtti -fno-exceptions
configure:7862: gcc -c -g -O2  -fno-rtti -fno-exceptions conftest.c >&5
configure:7866: $? = 0
configure:7879: result: yes
configure:8206: checking for gcc option to produce PIC
configure:8213: result: -fno-common -DPIC
configure:8221: checking if gcc PIC flag -fno-common -DPIC works
configure:8239: gcc -c -g -O2  -fno-common -DPIC -DPIC conftest.c >&5
configure:8243: $? = 0
configure:8256: result: yes
configure:8285: checking if gcc static flag -static works
configure:8313: result: no
configure:8328: checking if gcc supports -c -o file.o
configure:8349: gcc -c -g -O2  -o out/conftest2.o conftest.c >&5
configure:8353: $? = 0
configure:8375: result: yes
configure:8383: checking if gcc supports -c -o file.o
configure:8430: result: yes
configure:8463: checking whether the gcc linker (/Applications/Xcode.app/Contents/Developer/Toolchains/XcodeDefault.xctoolchain/usr/bin/ld) supports shared libraries
configure:9620: result: yes
configure:9860: checking dynamic linker characteristics
configure:10605: result: darwin12.5.0 dyld
configure:10712: checking how to hardcode library paths into programs
configure:10737: result: immediate
configure:11277: checking whether stripping libraries is possible
configure:11291: result: yes
configure:11317: checking if libtool supports shared libraries
configure:11319: result: yes
configure:11322: checking whether to build shared libraries
configure:11343: result: yes
configure:11346: checking whether to build static libraries
configure:11350: result: yes
configure:11390: checking for doxygen
configure:11418: result: false
configure:11447: checking for ANSI C header files
configure:11551: result: yes
configure:11561: checking for stdlib.h
configure:11561: result: yes
configure:11573: checking for an ANSI C-conforming const
configure:11638: gcc -c -g -O2  conftest.c >&5
configure:11638: $? = 0
configure:11645: result: yes
configure:11653: checking for size_t
configure:11653: gcc -c -g -O2  conftest.c >&5
configure:11653: $? = 0
configure:11653: gcc -c -g -O2  conftest.c >&5
conftest.c:65:21: error: expected expression
if (sizeof ((size_t)))
                    ^
1 error generated.
configure:11653: $? = 1
configure: failed program was:
| /* confdefs.h */
| #define PACKAGE_NAME "yaml"
| #define PACKAGE_TARNAME "yaml"
| #define PACKAGE_VERSION "0.1.4"
| #define PACKAGE_STRING "yaml 0.1.4"
| #define PACKAGE_BUGREPORT "http://pyyaml.org/newticket?component=libyaml"
| #define PACKAGE_URL ""
| #define PACKAGE "yaml"
| #define VERSION "0.1.4"
| #define YAML_VERSION_MAJOR 0
| #define YAML_VERSION_MINOR 1
| #define YAML_VERSION_PATCH 4
| #define YAML_VERSION_STRING "0.1.4"
| #define STDC_HEADERS 1
| #define HAVE_SYS_TYPES_H 1
| #define HAVE_SYS_STAT_H 1
| #define HAVE_STDLIB_H 1
| #define HAVE_STRING_H 1
| #define HAVE_MEMORY_H 1
| #define HAVE_STRINGS_H 1
| #define HAVE_INTTYPES_H 1
| #define HAVE_STDINT_H 1
| #define HAVE_UNISTD_H 1
| #define HAVE_DLFCN_H 1
| #define LT_OBJDIR ".libs/"
| #define STDC_HEADERS 1
| #define HAVE_STDLIB_H 1
| /* end confdefs.h.  */
| #include <stdio.h>
| #ifdef HAVE_SYS_TYPES_H
| # include <sys/types.h>
| #endif
| #ifdef HAVE_SYS_STAT_H
| # include <sys/stat.h>
| #endif
| #ifdef STDC_HEADERS
| # include <stdlib.h>
| # include <stddef.h>
| #else
| # ifdef HAVE_STDLIB_H
| #  include <stdlib.h>
| # endif
| #endif
| #ifdef HAVE_STRING_H
| # if !defined STDC_HEADERS && defined HAVE_MEMORY_H
| #  include <memory.h>
| # endif
| # include <string.h>
| #endif
| #ifdef HAVE_STRINGS_H
| # include <strings.h>
| #endif
| #ifdef HAVE_INTTYPES_H
| # include <inttypes.h>
| #endif
| #ifdef HAVE_STDINT_H
| # include <stdint.h>
| #endif
| #ifdef HAVE_UNISTD_H
| # include <unistd.h>
| #endif
| int
| main ()
| {
| if (sizeof ((size_t)))
| 	    return 0;
|   ;
|   return 0;
| }
configure:11653: result: yes
configure:11804: creating ./config.status

## ---------------------- ##
## Running config.status. ##
## ---------------------- ##

This file was extended by yaml config.status 0.1.4, which was
generated by GNU Autoconf 2.68.  Invocation command line was

  CONFIG_FILES    = 
  CONFIG_HEADERS  = 
  CONFIG_LINKS    = 
  CONFIG_COMMANDS = 
  $ ./config.status 

on localhost

config.status:1104: creating yaml-0.1.pc
config.status:1104: creating include/Makefile
config.status:1104: creating src/Makefile
config.status:1104: creating Makefile
config.status:1104: creating tests/Makefile
config.status:1104: creating win32/Makefile
config.status:1104: creating config.h
config.status:1285: config.h is unchanged
config.status:1333: executing depfiles commands
config.status:1333: executing libtool commands

## ---------------- ##
## Cache variables. ##
## ---------------- ##

ac_cv_build=x86_64-apple-darwin12.5.0
ac_cv_c_compiler_gnu=yes
ac_cv_c_const=yes
ac_cv_env_CC_set=
ac_cv_env_CC_value=
ac_cv_env_CFLAGS_set=
ac_cv_env_CFLAGS_value=
ac_cv_env_CPPFLAGS_set=
ac_cv_env_CPPFLAGS_value=
ac_cv_env_CPP_set=
ac_cv_env_CPP_value=
ac_cv_env_LDFLAGS_set=
ac_cv_env_LDFLAGS_value=
ac_cv_env_LIBS_set=
ac_cv_env_LIBS_value=
ac_cv_env_build_alias_set=
ac_cv_env_build_alias_value=
ac_cv_env_host_alias_set=
ac_cv_env_host_alias_value=
ac_cv_env_target_alias_set=
ac_cv_env_target_alias_value=
ac_cv_header_dlfcn_h=yes
ac_cv_header_inttypes_h=yes
ac_cv_header_memory_h=yes
ac_cv_header_stdc=yes
ac_cv_header_stdint_h=yes
ac_cv_header_stdlib_h=yes
ac_cv_header_string_h=yes
ac_cv_header_strings_h=yes
ac_cv_header_sys_stat_h=yes
ac_cv_header_sys_types_h=yes
ac_cv_header_unistd_h=yes
ac_cv_host=x86_64-apple-darwin12.5.0
ac_cv_objext=o
ac_cv_path_EGREP='/usr/bin/grep -E'
ac_cv_path_FGREP='/usr/bin/grep -F'
ac_cv_path_GREP=/usr/bin/grep
ac_cv_path_SED=/usr/bin/sed
ac_cv_path_install='/usr/bin/install -c'
ac_cv_prog_AWK=awk
ac_cv_prog_CPP='gcc -E'
ac_cv_prog_DOXYGEN=false
ac_cv_prog_ac_ct_AR=ar
ac_cv_prog_ac_ct_CC=gcc
ac_cv_prog_ac_ct_DSYMUTIL=dsymutil
ac_cv_prog_ac_ct_LIPO=lipo
ac_cv_prog_ac_ct_NMEDIT=nmedit
ac_cv_prog_ac_ct_OTOOL=otool
ac_cv_prog_ac_ct_RANLIB=ranlib
ac_cv_prog_ac_ct_STRIP=strip
ac_cv_prog_cc_c89=
ac_cv_prog_cc_g=yes
ac_cv_prog_make_make_set=yes
ac_cv_type_size_t=yes
am_cv_CC_dependencies_compiler_type=gcc3
lt_cv_apple_cc_single_mod=yes
lt_cv_ar_at_file=no
lt_cv_deplibs_check_method=pass_all
lt_cv_file_magic_cmd='$MAGIC_CMD'
lt_cv_file_magic_test_file=
lt_cv_ld_exported_symbols_list=yes
lt_cv_ld_force_load=yes
lt_cv_ld_reload_flag=-r
lt_cv_nm_interface='BSD nm'
lt_cv_objdir=.libs
lt_cv_path_LD=/Applications/Xcode.app/Contents/Developer/Toolchains/XcodeDefault.xctoolchain/usr/bin/ld
lt_cv_path_NM=/usr/bin/nm
lt_cv_path_mainfest_tool=no
lt_cv_prog_compiler_c_o=yes
lt_cv_prog_compiler_pic='-fno-common -DPIC'
lt_cv_prog_compiler_pic_works=yes
lt_cv_prog_compiler_rtti_exceptions=yes
lt_cv_prog_compiler_static_works=no
lt_cv_prog_gnu_ld=no
lt_cv_sharedlib_from_linklib_cmd='printf %s\n'
lt_cv_sys_global_symbol_pipe='sed -n -e '\''s/^.*[	 ]\([BCDEGRST][BCDEGRST]*\)[	 ][	 ]*_\([_A-Za-z][_A-Za-z0-9]*\)$/\1 _\2 \2/p'\'' | sed '\''/ __gnu_lto/d'\'''
lt_cv_sys_global_symbol_to_c_name_address='sed -n -e '\''s/^: \([^ ]*\)[ ]*$/  {\"\1\", (void *) 0},/p'\'' -e '\''s/^[BCDEGRST]* \([^ ]*\) \([^ ]*\)$/  {"\2", (void *) \&\2},/p'\'''
lt_cv_sys_global_symbol_to_c_name_address_lib_prefix='sed -n -e '\''s/^: \([^ ]*\)[ ]*$/  {\"\1\", (void *) 0},/p'\'' -e '\''s/^[BCDEGRST]* \([^ ]*\) \(lib[^ ]*\)$/  {"\2", (void *) \&\2},/p'\'' -e '\''s/^[BCDEGRST]* \([^ ]*\) \([^ ]*\)$/  {"lib\2", (void *) \&\2},/p'\'''
lt_cv_sys_global_symbol_to_cdecl='sed -n -e '\''s/^T .* \(.*\)$/extern int \1();/p'\'' -e '\''s/^[BCDEGRST]* .* \(.*\)$/extern char \1;/p'\'''
lt_cv_sys_max_cmd_len=196608
lt_cv_to_host_file_cmd=func_convert_file_noop
lt_cv_to_tool_file_cmd=func_convert_file_noop

## ----------------- ##
## Output variables. ##
## ----------------- ##

ACLOCAL='${SHELL} /Users/wonjafairbrother1/dev/src/open-tritium/clibs/src/libyaml/config/missing --run aclocal-1.11'
AMDEPBACKSLASH='\'
AMDEP_FALSE='#'
AMDEP_TRUE=''
AMTAR='$${TAR-tar}'
AR='ar'
AUTOCONF='${SHELL} /Users/wonjafairbrother1/dev/src/open-tritium/clibs/src/libyaml/config/missing --run autoconf'
AUTOHEADER='${SHELL} /Users/wonjafairbrother1/dev/src/open-tritium/clibs/src/libyaml/config/missing --run autoheader'
AUTOMAKE='${SHELL} /Users/wonjafairbrother1/dev/src/open-tritium/clibs/src/libyaml/config/missing --run automake-1.11'
AWK='awk'
CC='gcc'
CCDEPMODE='depmode=gcc3'
CFLAGS='-g -O2'
CPP='gcc -E'
CPPFLAGS=''
CYGPATH_W='echo'
DEFS='-DHAVE_CONFIG_H'
DEPDIR='.deps'
DLLTOOL='false'
DOXYGEN='false'
DOXYGEN_FALSE=''
DOXYGEN_TRUE='#'
DSYMUTIL='dsymutil'
DUMPBIN=''
ECHO_C='\c'
ECHO_N=''
ECHO_T=''
EGREP='/usr/bin/grep -E'
EXEEXT=''
FGREP='/usr/bin/grep -F'
GREP='/usr/bin/grep'
INSTALL_DATA='${INSTALL} -m 644'
INSTALL_PROGRAM='${INSTALL}'
INSTALL_SCRIPT='${INSTALL}'
INSTALL_STRIP_PROGRAM='$(install_sh) -c -s'
LD='/Applications/Xcode.app/Contents/Developer/Toolchains/XcodeDefault.xctoolchain/usr/bin/ld'
LDFLAGS=''
LIBOBJS=''
LIBS=''
LIBTOOL='$(SHELL) $(top_builddir)/libtool'
LIPO='lipo'
LN_S='ln -s'
LTLIBOBJS=''
MAKEINFO='${SHELL} /Users/wonjafairbrother1/dev/src/open-tritium/clibs/src/libyaml/config/missing --run makeinfo'
MANIFEST_TOOL=':'
MKDIR_P='config/install-sh -c -d'
NM='/usr/bin/nm'
NMEDIT='nmedit'
OBJDUMP='false'
OBJEXT='o'
OTOOL64=':'
OTOOL='otool'
PACKAGE='yaml'
PACKAGE_BUGREPORT='http://pyyaml.org/newticket?component=libyaml'
PACKAGE_NAME='yaml'
PACKAGE_STRING='yaml 0.1.4'
PACKAGE_TARNAME='yaml'
PACKAGE_URL=''
PACKAGE_VERSION='0.1.4'
PATH_SEPARATOR=':'
RANLIB='ranlib'
SED='/usr/bin/sed'
SET_MAKE=''
SHELL='/bin/sh'
STRIP='strip'
VERSION='0.1.4'
YAML_LT_AGE='0'
YAML_LT_CURRENT='2'
YAML_LT_LDFLAGS=''
YAML_LT_RELEASE='0'
YAML_LT_REVISION='2'
ac_ct_AR='ar'
ac_ct_CC='gcc'
ac_ct_DUMPBIN=''
am__EXEEXT_FALSE=''
am__EXEEXT_TRUE='#'
am__fastdepCC_FALSE='#'
am__fastdepCC_TRUE=''
am__include='include'
am__isrc=''
am__leading_dot='.'
am__nodep='_no'
am__quote=''
am__tar='$${TAR-tar} chof - "$$tardir"'
am__untar='$${TAR-tar} xf -'
bindir='${exec_prefix}/bin'
build='x86_64-apple-darwin12.5.0'
build_alias=''
build_cpu='x86_64'
build_os='darwin12.5.0'
build_vendor='apple'
datadir='${datarootdir}'
datarootdir='${prefix}/share'
docdir='${datarootdir}/doc/${PACKAGE_TARNAME}'
dvidir='${docdir}'
exec_prefix='${prefix}'
host='x86_64-apple-darwin12.5.0'
host_alias=''
host_cpu='x86_64'
host_os='darwin12.5.0'
host_vendor='apple'
htmldir='${docdir}'
includedir='${prefix}/include'
infodir='${datarootdir}/info'
install_sh='${SHELL} /Users/wonjafairbrother1/dev/src/open-tritium/clibs/src/libyaml/config/install-sh'
libdir='${exec_prefix}/lib'
libexecdir='${exec_prefix}/libexec'
localedir='${datarootdir}/locale'
localstatedir='${prefix}/var'
mandir='${datarootdir}/man'
mkdir_p='$(top_builddir)/config/install-sh -c -d'
oldincludedir='/usr/include'
pdfdir='${docdir}'
prefix='/Users/wonjafairbrother1/dev/clibs/output/libyaml'
program_transform_name='s,x,x,'
psdir='${docdir}'
sbindir='${exec_prefix}/sbin'
sharedstatedir='${prefix}/com'
sysconfdir='${prefix}/etc'
target_alias=''

## ----------- ##
## confdefs.h. ##
## ----------- ##

/* confdefs.h */
#define PACKAGE_NAME "yaml"
#define PACKAGE_TARNAME "yaml"
#define PACKAGE_VERSION "0.1.4"
#define PACKAGE_STRING "yaml 0.1.4"
#define PACKAGE_BUGREPORT "http://pyyaml.org/newticket?component=libyaml"
#define PACKAGE_URL ""
#define PACKAGE "yaml"
#define VERSION "0.1.4"
#define YAML_VERSION_MAJOR 0
#define YAML_VERSION_MINOR 1
#define YAML_VERSION_PATCH 4
#define YAML_VERSION_STRING "0.1.4"
#define STDC_HEADERS 1
#define HAVE_SYS_TYPES_H 1
#define HAVE_SYS_STAT_H 1
#define HAVE_STDLIB_H 1
#define HAVE_STRING_H 1
#define HAVE_MEMORY_H 1
#define HAVE_STRINGS_H 1
#define HAVE_INTTYPES_H 1
#define HAVE_STDINT_H 1
#define HAVE_UNISTD_H 1
#define HAVE_DLFCN_H 1
#define LT_OBJDIR ".libs/"
#define STDC_HEADERS 1
#define HAVE_STDLIB_H 1

configure: exit 0
