This file contains any messages produced by compilers while
running configure, to aid debugging if configure makes a mistake.

It was created by onig configure 5.9.2, which was
generated by GNU Autoconf 2.68.  Invocation command line was

  $ ./configure --prefix=/Users/wonjafairbrother1/dev/src/tritium_oss/clibs/output/oniguruma

## --------- ##
## Platform. ##
## --------- ##

hostname = localhost
uname -m = x86_64
uname -r = 12.5.0
uname -s = Darwin
uname -v = Darwin Kernel Version 12.5.0: Sun Sep 29 13:33:47 PDT 2013; root:xnu-2050.48.12~1/RELEASE_X86_64

/usr/bin/uname -p = i386
/bin/uname -X     = unknown

/bin/arch              = unknown
/usr/bin/arch -k       = unknown
/usr/convex/getsysinfo = unknown
/usr/bin/hostinfo      = Mach kernel version:
	 Darwin Kernel Version 12.5.0: Sun Sep 29 13:33:47 PDT 2013; root:xnu-2050.48.12~1/RELEASE_X86_64
Kernel configured for up to 4 processors.
2 processors are physically available.
4 processors are logically available.
Processor type: i486 (Intel 80486)
Processors active: 0 1 2 3
Primary memory available: 8.00 gigabytes
Default processor set: 239 tasks, 1634 threads, 4 processors
Load average: 1.99, Mach factor: 2.35
/bin/machine           = unknown
/usr/bin/oslevel       = unknown
/bin/universe          = unknown

PATH: /Library/Frameworks/Python.framework/Versions/3.4/bin
PATH: /Users/wonjafairbrother1/.rvm/gems/ruby-1.9.3-p545/bin
PATH: /Users/wonjafairbrother1/.rvm/gems/ruby-1.9.3-p545@global/bin
PATH: /Users/wonjafairbrother1/.rvm/rubies/ruby-1.9.3-p545/bin
PATH: /usr/bin
PATH: /bin
PATH: /usr/sbin
PATH: /sbin
PATH: /usr/local/bin
PATH: /usr/local/go/bin
PATH: /usr/local/MacGPG2/bin
PATH: /Users/wonjafairbrother1/bin
PATH: /usr/local/Cellar
PATH: /usr/local/Cellar/ruby/1.9.3-p385/bin
PATH: /usr/local/go/bin
PATH: /usr/local/bin
PATH: /usr/bin
PATH: /bin
PATH: /usr/sbin
PATH: /sbin
PATH: /usr/local/bin
PATH: /usr/X11/bin
PATH: /opt/local/bin
PATH: /usr/local/git/bin
PATH: /Users/wonjafairbrother1/bin
PATH: /usr/local/Cellar
PATH: /usr/local/Cellar/ruby/1.9.3-p385/bin
PATH: /Users/wonjafairbrother1/.rvm/bin
PATH: /Users/wonjafairbrother1/dev/src/shell-utils/build
PATH: /Users/wonjafairbrother1/dev/bin
PATH: /Users/wonjafairbrother1/Documents/sass/sassc/bin


## ----------- ##
## Core tests. ##
## ----------- ##

configure:2457: checking for a BSD-compatible install
configure:2525: result: /usr/bin/install -c
configure:2536: checking whether build environment is sane
configure:2573: result: yes
configure:2598: checking for a thread-safe mkdir -p
configure:2637: result: ./install-sh -c -d
configure:2650: checking for gawk
configure:2680: result: no
configure:2650: checking for mawk
configure:2680: result: no
configure:2650: checking for nawk
configure:2680: result: no
configure:2650: checking for awk
configure:2666: found /usr/bin/awk
configure:2677: result: awk
configure:2688: checking whether make sets $(MAKE)
configure:2710: result: yes
configure:2986: checking for gcc
configure:3002: found /usr/bin/gcc
configure:3013: result: gcc
configure:3242: checking for C compiler version
configure:3251: gcc --version >&5
Apple LLVM version 5.1 (clang-503.0.40) (based on LLVM 3.4svn)
Target: x86_64-apple-darwin12.5.0
Thread model: posix
Configured with: --prefix=/Applications/Xcode.app/Contents/Developer/usr --with-gxx-include-dir=/usr/include/c++/4.2.1
configure:3262: $? = 0
configure:3251: gcc -v >&5
Configured with: --prefix=/Applications/Xcode.app/Contents/Developer/usr --with-gxx-include-dir=/usr/include/c++/4.2.1
Apple LLVM version 5.1 (clang-503.0.40) (based on LLVM 3.4svn)
Target: x86_64-apple-darwin12.5.0
Thread model: posix
configure:3262: $? = 0
configure:3251: gcc -V >&5
clang: error: argument to '-V' is missing (expected 1 value)
clang: error: no input files
configure:3262: $? = 1
configure:3251: gcc -qversion >&5
clang: error: unknown argument: '-qversion' [-Wunused-command-line-argument-hard-error-in-future]
clang: note: this will be a hard error (cannot be downgraded to a warning) in the future
clang: error: no input files
configure:3262: $? = 1
configure:3282: checking whether the C compiler works
configure:3304: gcc    conftest.c  >&5
configure:3308: $? = 0
configure:3356: result: yes
configure:3359: checking for C compiler default output file name
configure:3361: result: a.out
configure:3367: checking for suffix of executables
configure:3374: gcc -o conftest    conftest.c  >&5
configure:3378: $? = 0
configure:3400: result: 
configure:3422: checking whether we are cross compiling
configure:3430: gcc -o conftest    conftest.c  >&5
configure:3434: $? = 0
configure:3441: ./conftest
configure:3445: $? = 0
configure:3460: result: no
configure:3465: checking for suffix of object files
configure:3487: gcc -c   conftest.c >&5
configure:3491: $? = 0
configure:3512: result: o
configure:3516: checking whether we are using the GNU C compiler
configure:3535: gcc -c   conftest.c >&5
configure:3535: $? = 0
configure:3544: result: yes
configure:3553: checking whether gcc accepts -g
configure:3573: gcc -c -g  conftest.c >&5
configure:3573: $? = 0
configure:3614: result: yes
configure:3631: checking for gcc option to accept ISO C89
configure:3695: gcc  -c -g -O2  conftest.c >&5
configure:3695: $? = 0
configure:3708: result: none needed
configure:3739: checking for style of include used by make
configure:3767: result: GNU
configure:3792: checking dependency style of gcc
configure:3883: result: gcc3
configure:3927: checking build system type
configure:3941: result: i386-apple-darwin12.5.0
configure:3961: checking host system type
configure:3974: result: i386-apple-darwin12.5.0
configure:4015: checking how to print strings
configure:4042: result: printf
configure:4063: checking for a sed that does not truncate output
configure:4127: result: /usr/bin/sed
configure:4145: checking for grep that handles long lines and -e
configure:4203: result: /usr/bin/grep
configure:4208: checking for egrep
configure:4270: result: /usr/bin/grep -E
configure:4275: checking for fgrep
configure:4337: result: /usr/bin/grep -F
configure:4372: checking for ld used by gcc
configure:4439: result: /Applications/Xcode.app/Contents/Developer/Toolchains/XcodeDefault.xctoolchain/usr/bin/ld
configure:4446: checking if the linker (/Applications/Xcode.app/Contents/Developer/Toolchains/XcodeDefault.xctoolchain/usr/bin/ld) is GNU ld
configure:4461: result: no
configure:4473: checking for BSD- or MS-compatible name lister (nm)
configure:4522: result: /usr/bin/nm
configure:4652: checking the name lister (/usr/bin/nm) interface
configure:4659: gcc -c -g -O2  conftest.c >&5
configure:4662: /usr/bin/nm "conftest.o"
configure:4665: output
0000000000000240 S _some_variable
configure:4672: result: BSD nm
configure:4675: checking whether ln -s works
configure:4679: result: yes
configure:4687: checking the maximum length of command line arguments
configure:4812: result: 196608
configure:4829: checking whether the shell understands some XSI constructs
configure:4839: result: yes
configure:4843: checking whether the shell understands "+="
configure:4849: result: yes
configure:4884: checking how to convert i386-apple-darwin12.5.0 file names to i386-apple-darwin12.5.0 format
configure:4924: result: func_convert_file_noop
configure:4931: checking how to convert i386-apple-darwin12.5.0 file names to toolchain format
configure:4951: result: func_convert_file_noop
configure:4958: checking for /Applications/Xcode.app/Contents/Developer/Toolchains/XcodeDefault.xctoolchain/usr/bin/ld option to reload object files
configure:4965: result: -r
configure:5039: checking for objdump
configure:5069: result: no
configure:5098: checking how to recognize dependent libraries
configure:5300: result: pass_all
configure:5385: checking for dlltool
configure:5415: result: no
configure:5445: checking how to associate runtime and link libraries
configure:5472: result: printf %s\n
configure:5533: checking for ar
configure:5549: found /usr/bin/ar
configure:5560: result: ar
configure:5597: checking for archiver @FILE support
configure:5614: gcc -c -g -O2  conftest.c >&5
configure:5614: $? = 0
configure:5617: ar cru libconftest.a @conftest.lst >&5
ar: @conftest.lst: No such file or directory
configure:5620: $? = 1
configure:5640: result: no
configure:5698: checking for strip
configure:5714: found /usr/bin/strip
configure:5725: result: strip
configure:5797: checking for ranlib
configure:5813: found /usr/bin/ranlib
configure:5824: result: ranlib
configure:5926: checking command to parse /usr/bin/nm output from gcc object
configure:6045: gcc -c -g -O2  conftest.c >&5
configure:6048: $? = 0
configure:6052: /usr/bin/nm conftest.o \| sed -n -e 's/^.*[ ]\([BCDEGRST][BCDEGRST]*\)[ ][ ]*\([_A-Za-z][_A-Za-z0-9]*\)$/\1 \2 \2/p' | sed '/ __gnu_lto/d' \> conftest.nm
configure:6055: $? = 0
cannot find nm_test_var in conftest.nm
configure:6045: gcc -c -g -O2  conftest.c >&5
configure:6048: $? = 0
configure:6052: /usr/bin/nm conftest.o \| sed -n -e 's/^.*[ ]\([BCDEGRST][BCDEGRST]*\)[ ][ ]*_\([_A-Za-z][_A-Za-z0-9]*\)$/\1 _\2 \2/p' | sed '/ __gnu_lto/d' \> conftest.nm
configure:6055: $? = 0
configure:6121: gcc -o conftest -g -O2   conftest.c conftstm.o >&5
configure:6124: $? = 0
configure:6162: result: ok
configure:6199: checking for sysroot
configure:6229: result: no
configure:6472: checking for mt
configure:6502: result: no
configure:6522: checking if : is a manifest tool
configure:6528: : '-?'
configure:6536: result: no
configure:6592: checking for dsymutil
configure:6608: found /usr/bin/dsymutil
configure:6619: result: dsymutil
configure:6684: checking for nmedit
configure:6700: found /usr/bin/nmedit
configure:6711: result: nmedit
configure:6776: checking for lipo
configure:6792: found /usr/bin/lipo
configure:6803: result: lipo
configure:6868: checking for otool
configure:6884: found /usr/bin/otool
configure:6895: result: otool
configure:6960: checking for otool64
configure:6990: result: no
configure:7035: checking for -single_module linker flag
gcc -g -O2  -o libconftest.dylib -dynamiclib -Wl,-single_module conftest.c
configure:7062: result: yes
configure:7064: checking for -exported_symbols_list linker flag
configure:7084: gcc -o conftest -g -O2   -Wl,-exported_symbols_list,conftest.sym conftest.c  >&5
configure:7084: $? = 0
configure:7094: result: yes
configure:7096: checking for -force_load linker flag
gcc -g -O2 -c -o conftest.o conftest.c
ar cru libconftest.a conftest.o
ranlib libconftest.a
gcc -g -O2  -o conftest conftest.c -Wl,-force_load,./libconftest.a
configure:7126: result: yes
configure:7168: checking how to run the C preprocessor
configure:7199: gcc -E  conftest.c
configure:7199: $? = 0
configure:7213: gcc -E  conftest.c
conftest.c:11:10: fatal error: 'ac_nonexistent.h' file not found
#include <ac_nonexistent.h>
         ^
1 error generated.
configure:7213: $? = 1
configure: failed program was:
| /* confdefs.h */
| #define PACKAGE_NAME "onig"
| #define PACKAGE_TARNAME "onig"
| #define PACKAGE_VERSION "5.9.2"
| #define PACKAGE_STRING "onig 5.9.2"
| #define PACKAGE_BUGREPORT ""
| #define PACKAGE_URL ""
| #define PACKAGE "onig"
| #define VERSION "5.9.2"
| /* end confdefs.h.  */
| #include <ac_nonexistent.h>
configure:7238: result: gcc -E
configure:7258: gcc -E  conftest.c
configure:7258: $? = 0
configure:7272: gcc -E  conftest.c
conftest.c:11:10: fatal error: 'ac_nonexistent.h' file not found
#include <ac_nonexistent.h>
         ^
1 error generated.
configure:7272: $? = 1
configure: failed program was:
| /* confdefs.h */
| #define PACKAGE_NAME "onig"
| #define PACKAGE_TARNAME "onig"
| #define PACKAGE_VERSION "5.9.2"
| #define PACKAGE_STRING "onig 5.9.2"
| #define PACKAGE_BUGREPORT ""
| #define PACKAGE_URL ""
| #define PACKAGE "onig"
| #define VERSION "5.9.2"
| /* end confdefs.h.  */
| #include <ac_nonexistent.h>
configure:7301: checking for ANSI C header files
configure:7321: gcc -c -g -O2  conftest.c >&5
configure:7321: $? = 0
configure:7394: gcc -o conftest -g -O2   conftest.c  >&5
configure:7394: $? = 0
configure:7394: ./conftest
configure:7394: $? = 0
configure:7405: result: yes
configure:7418: checking for sys/types.h
configure:7418: gcc -c -g -O2  conftest.c >&5
configure:7418: $? = 0
configure:7418: result: yes
configure:7418: checking for sys/stat.h
configure:7418: gcc -c -g -O2  conftest.c >&5
configure:7418: $? = 0
configure:7418: result: yes
configure:7418: checking for stdlib.h
configure:7418: gcc -c -g -O2  conftest.c >&5
configure:7418: $? = 0
configure:7418: result: yes
configure:7418: checking for string.h
configure:7418: gcc -c -g -O2  conftest.c >&5
configure:7418: $? = 0
configure:7418: result: yes
configure:7418: checking for memory.h
configure:7418: gcc -c -g -O2  conftest.c >&5
configure:7418: $? = 0
configure:7418: result: yes
configure:7418: checking for strings.h
configure:7418: gcc -c -g -O2  conftest.c >&5
configure:7418: $? = 0
configure:7418: result: yes
configure:7418: checking for inttypes.h
configure:7418: gcc -c -g -O2  conftest.c >&5
configure:7418: $? = 0
configure:7418: result: yes
configure:7418: checking for stdint.h
configure:7418: gcc -c -g -O2  conftest.c >&5
configure:7418: $? = 0
configure:7418: result: yes
configure:7418: checking for unistd.h
configure:7418: gcc -c -g -O2  conftest.c >&5
configure:7418: $? = 0
configure:7418: result: yes
configure:7432: checking for dlfcn.h
configure:7432: gcc -c -g -O2  conftest.c >&5
configure:7432: $? = 0
configure:7432: result: yes
configure:7619: checking for objdir
configure:7634: result: .libs
configure:7905: checking if gcc supports -fno-rtti -fno-exceptions
configure:7923: gcc -c -g -O2  -fno-rtti -fno-exceptions conftest.c >&5
configure:7927: $? = 0
configure:7940: result: yes
configure:8250: checking for gcc option to produce PIC
configure:8257: result: -fno-common -DPIC
configure:8265: checking if gcc PIC flag -fno-common -DPIC works
configure:8283: gcc -c -g -O2  -fno-common -DPIC -DPIC conftest.c >&5
configure:8287: $? = 0
configure:8300: result: yes
configure:8329: checking if gcc static flag -static works
configure:8357: result: no
configure:8372: checking if gcc supports -c -o file.o
configure:8393: gcc -c -g -O2  -o out/conftest2.o conftest.c >&5
configure:8397: $? = 0
configure:8419: result: yes
configure:8427: checking if gcc supports -c -o file.o
configure:8474: result: yes
configure:8507: checking whether the gcc linker (/Applications/Xcode.app/Contents/Developer/Toolchains/XcodeDefault.xctoolchain/usr/bin/ld) supports shared libraries
configure:9665: result: yes
configure:9910: checking dynamic linker characteristics
configure:10646: result: darwin12.5.0 dyld
configure:10753: checking how to hardcode library paths into programs
configure:10778: result: immediate
configure:11318: checking whether stripping libraries is possible
configure:11332: result: yes
configure:11358: checking if libtool supports shared libraries
configure:11360: result: yes
configure:11363: checking whether to build shared libraries
configure:11384: result: yes
configure:11387: checking whether to build static libraries
configure:11391: result: yes
configure:11430: checking whether make sets $(MAKE)
configure:11452: result: yes
configure:11463: checking for ANSI C header files
configure:11567: result: yes
configure:11578: checking for stdlib.h
configure:11578: result: yes
configure:11578: checking for string.h
configure:11578: result: yes
configure:11578: checking for strings.h
configure:11578: result: yes
configure:11578: checking sys/time.h usability
configure:11578: gcc -c -g -O2  conftest.c >&5
configure:11578: $? = 0
configure:11578: result: yes
configure:11578: checking sys/time.h presence
configure:11578: gcc -E  conftest.c
configure:11578: $? = 0
configure:11578: result: yes
configure:11578: checking for sys/time.h
configure:11578: result: yes
configure:11578: checking for unistd.h
configure:11578: result: yes
configure:11578: checking sys/times.h usability
configure:11578: gcc -c -g -O2  conftest.c >&5
configure:11578: $? = 0
configure:11578: result: yes
configure:11578: checking sys/times.h presence
configure:11578: gcc -E  conftest.c
configure:11578: $? = 0
configure:11578: result: yes
configure:11578: checking for sys/times.h
configure:11578: result: yes
configure:11593: checking size of int
configure:11598: gcc -o conftest -g -O2   conftest.c  >&5
configure:11598: $? = 0
configure:11598: ./conftest
configure:11598: $? = 0
configure:11612: result: 4
configure:11626: checking size of short
configure:11631: gcc -o conftest -g -O2   conftest.c  >&5
configure:11631: $? = 0
configure:11631: ./conftest
configure:11631: $? = 0
configure:11645: result: 2
configure:11659: checking size of long
configure:11664: gcc -o conftest -g -O2   conftest.c  >&5
configure:11664: $? = 0
configure:11664: ./conftest
configure:11664: $? = 0
configure:11678: result: 8
configure:11688: checking for an ANSI C-conforming const
configure:11753: gcc -c -g -O2  conftest.c >&5
configure:11753: $? = 0
configure:11760: result: yes
configure:11768: checking whether time.h and sys/time.h may both be included
configure:11788: gcc -c -g -O2  conftest.c >&5
configure:11788: $? = 0
configure:11795: result: yes
configure:11804: checking for size_t
configure:11804: gcc -c -g -O2  conftest.c >&5
configure:11804: $? = 0
configure:11804: gcc -c -g -O2  conftest.c >&5
conftest.c:70:21: error: expected expression
if (sizeof ((size_t)))
                    ^
1 error generated.
configure:11804: $? = 1
configure: failed program was:
| /* confdefs.h */
| #define PACKAGE_NAME "onig"
| #define PACKAGE_TARNAME "onig"
| #define PACKAGE_VERSION "5.9.2"
| #define PACKAGE_STRING "onig 5.9.2"
| #define PACKAGE_BUGREPORT ""
| #define PACKAGE_URL ""
| #define PACKAGE "onig"
| #define VERSION "5.9.2"
| #define STDC_HEADERS 1
| #define HAVE_SYS_TYPES_H 1
| #define HAVE_SYS_STAT_H 1
| #define HAVE_STDLIB_H 1
| #define HAVE_STRING_H 1
| #define HAVE_MEMORY_H 1
| #define HAVE_STRINGS_H 1
| #define HAVE_INTTYPES_H 1
| #define HAVE_STDINT_H 1
| #define HAVE_UNISTD_H 1
| #define HAVE_DLFCN_H 1
| #define LT_OBJDIR ".libs/"
| #define STDC_HEADERS 1
| #define HAVE_STDLIB_H 1
| #define HAVE_STRING_H 1
| #define HAVE_STRINGS_H 1
| #define HAVE_SYS_TIME_H 1
| #define HAVE_UNISTD_H 1
| #define HAVE_SYS_TIMES_H 1
| #define SIZEOF_INT 4
| #define SIZEOF_SHORT 2
| #define SIZEOF_LONG 8
| #define TIME_WITH_SYS_TIME 1
| /* end confdefs.h.  */
| #include <stdio.h>
| #ifdef HAVE_SYS_TYPES_H
| # include <sys/types.h>
| #endif
| #ifdef HAVE_SYS_STAT_H
| # include <sys/stat.h>
| #endif
| #ifdef STDC_HEADERS
| # include <stdlib.h>
| # include <stddef.h>
| #else
| # ifdef HAVE_STDLIB_H
| #  include <stdlib.h>
| # endif
| #endif
| #ifdef HAVE_STRING_H
| # if !defined STDC_HEADERS && defined HAVE_MEMORY_H
| #  include <memory.h>
| # endif
| # include <string.h>
| #endif
| #ifdef HAVE_STRINGS_H
| # include <strings.h>
| #endif
| #ifdef HAVE_INTTYPES_H
| # include <inttypes.h>
| #endif
| #ifdef HAVE_STDINT_H
| # include <stdint.h>
| #endif
| #ifdef HAVE_UNISTD_H
| # include <unistd.h>
| #endif
| int
| main ()
| {
| if (sizeof ((size_t)))
| 	    return 0;
|   ;
|   return 0;
| }
configure:11804: result: yes
configure:11817: checking for working alloca.h
configure:11834: gcc -o conftest -g -O2   conftest.c  >&5
configure:11834: $? = 0
configure:11842: result: yes
configure:11850: checking for alloca
configure:11887: gcc -o conftest -g -O2   conftest.c  >&5
configure:11887: $? = 0
configure:11895: result: yes
configure:12004: checking for working memcmp
configure:12047: gcc -o conftest -g -O2   conftest.c  >&5
configure:12047: $? = 0
configure:12047: ./conftest
configure:12047: $? = 0
configure:12057: result: yes
configure:12067: checking for prototypes
configure:12083: gcc -c -g -O2  conftest.c >&5
configure:12083: $? = 0
configure:12090: result: yes
configure:12098: checking for variable length prototypes and stdarg.h
configure:12124: gcc -c -g -O2  conftest.c >&5
configure:12124: $? = 0
configure:12131: result: yes
configure:12266: creating ./config.status

## ---------------------- ##
## Running config.status. ##
## ---------------------- ##

This file was extended by onig config.status 5.9.2, which was
generated by GNU Autoconf 2.68.  Invocation command line was

  CONFIG_FILES    = 
  CONFIG_HEADERS  = 
  CONFIG_LINKS    = 
  CONFIG_COMMANDS = 
  $ ./config.status 

on localhost

config.status:1104: creating Makefile
config.status:1104: creating onig-config
config.status:1104: creating sample/Makefile
config.status:1104: creating config.h
config.status:1285: config.h is unchanged
config.status:1333: executing depfiles commands
config.status:1333: executing libtool commands
config.status:1333: executing default commands

## ---------------- ##
## Cache variables. ##
## ---------------- ##

ac_cv_build=i386-apple-darwin12.5.0
ac_cv_c_compiler_gnu=yes
ac_cv_c_const=yes
ac_cv_env_CC_set=
ac_cv_env_CC_value=
ac_cv_env_CFLAGS_set=
ac_cv_env_CFLAGS_value=
ac_cv_env_CPPFLAGS_set=
ac_cv_env_CPPFLAGS_value=
ac_cv_env_CPP_set=
ac_cv_env_CPP_value=
ac_cv_env_LDFLAGS_set=
ac_cv_env_LDFLAGS_value=
ac_cv_env_LIBS_set=
ac_cv_env_LIBS_value=
ac_cv_env_build_alias_set=
ac_cv_env_build_alias_value=
ac_cv_env_host_alias_set=
ac_cv_env_host_alias_value=
ac_cv_env_target_alias_set=
ac_cv_env_target_alias_value=
ac_cv_func_alloca_works=yes
ac_cv_func_memcmp_working=yes
ac_cv_header_dlfcn_h=yes
ac_cv_header_inttypes_h=yes
ac_cv_header_memory_h=yes
ac_cv_header_stdc=yes
ac_cv_header_stdint_h=yes
ac_cv_header_stdlib_h=yes
ac_cv_header_string_h=yes
ac_cv_header_strings_h=yes
ac_cv_header_sys_stat_h=yes
ac_cv_header_sys_time_h=yes
ac_cv_header_sys_times_h=yes
ac_cv_header_sys_types_h=yes
ac_cv_header_time=yes
ac_cv_header_unistd_h=yes
ac_cv_host=i386-apple-darwin12.5.0
ac_cv_objext=o
ac_cv_path_EGREP='/usr/bin/grep -E'
ac_cv_path_FGREP='/usr/bin/grep -F'
ac_cv_path_GREP=/usr/bin/grep
ac_cv_path_SED=/usr/bin/sed
ac_cv_path_install='/usr/bin/install -c'
ac_cv_prog_AWK=awk
ac_cv_prog_CPP='gcc -E'
ac_cv_prog_ac_ct_AR=ar
ac_cv_prog_ac_ct_CC=gcc
ac_cv_prog_ac_ct_DSYMUTIL=dsymutil
ac_cv_prog_ac_ct_LIPO=lipo
ac_cv_prog_ac_ct_NMEDIT=nmedit
ac_cv_prog_ac_ct_OTOOL=otool
ac_cv_prog_ac_ct_RANLIB=ranlib
ac_cv_prog_ac_ct_STRIP=strip
ac_cv_prog_cc_c89=
ac_cv_prog_cc_g=yes
ac_cv_prog_make_make_set=yes
ac_cv_sizeof_int=4
ac_cv_sizeof_long=8
ac_cv_sizeof_short=2
ac_cv_type_size_t=yes
ac_cv_working_alloca_h=yes
am_cv_CC_dependencies_compiler_type=gcc3
lt_cv_apple_cc_single_mod=yes
lt_cv_ar_at_file=no
lt_cv_deplibs_check_method=pass_all
lt_cv_file_magic_cmd='$MAGIC_CMD'
lt_cv_file_magic_test_file=
lt_cv_ld_exported_symbols_list=yes
lt_cv_ld_force_load=yes
lt_cv_ld_reload_flag=-r
lt_cv_nm_interface='BSD nm'
lt_cv_objdir=.libs
lt_cv_path_LD=/Applications/Xcode.app/Contents/Developer/Toolchains/XcodeDefault.xctoolchain/usr/bin/ld
lt_cv_path_NM=/usr/bin/nm
lt_cv_path_mainfest_tool=no
lt_cv_prog_compiler_c_o=yes
lt_cv_prog_compiler_pic='-fno-common -DPIC'
lt_cv_prog_compiler_pic_works=yes
lt_cv_prog_compiler_rtti_exceptions=yes
lt_cv_prog_compiler_static_works=no
lt_cv_prog_gnu_ld=no
lt_cv_sharedlib_from_linklib_cmd='printf %s\n'
lt_cv_sys_global_symbol_pipe='sed -n -e '\''s/^.*[	 ]\([BCDEGRST][BCDEGRST]*\)[	 ][	 ]*_\([_A-Za-z][_A-Za-z0-9]*\)$/\1 _\2 \2/p'\'' | sed '\''/ __gnu_lto/d'\'''
lt_cv_sys_global_symbol_to_c_name_address='sed -n -e '\''s/^: \([^ ]*\)[ ]*$/  {\"\1\", (void *) 0},/p'\'' -e '\''s/^[BCDEGRST]* \([^ ]*\) \([^ ]*\)$/  {"\2", (void *) \&\2},/p'\'''
lt_cv_sys_global_symbol_to_c_name_address_lib_prefix='sed -n -e '\''s/^: \([^ ]*\)[ ]*$/  {\"\1\", (void *) 0},/p'\'' -e '\''s/^[BCDEGRST]* \([^ ]*\) \(lib[^ ]*\)$/  {"\2", (void *) \&\2},/p'\'' -e '\''s/^[BCDEGRST]* \([^ ]*\) \([^ ]*\)$/  {"lib\2", (void *) \&\2},/p'\'''
lt_cv_sys_global_symbol_to_cdecl='sed -n -e '\''s/^T .* \(.*\)$/extern int \1();/p'\'' -e '\''s/^[BCDEGRST]* .* \(.*\)$/extern char \1;/p'\'''
lt_cv_sys_max_cmd_len=196608
lt_cv_to_host_file_cmd=func_convert_file_noop
lt_cv_to_tool_file_cmd=func_convert_file_noop
onig_cv_have_prototypes=yes
onig_cv_stdarg=yes

## ----------------- ##
## Output variables. ##
## ----------------- ##

ACLOCAL='${SHELL} /Users/wonjafairbrother1/dev/src/tritium_oss/clibs/src/oniguruma/missing --run aclocal-1.10'
ALLOCA=''
AMDEPBACKSLASH='\'
AMDEP_FALSE='#'
AMDEP_TRUE=''
AMTAR='${SHELL} /Users/wonjafairbrother1/dev/src/tritium_oss/clibs/src/oniguruma/missing --run tar'
AR='ar'
AUTOCONF='${SHELL} /Users/wonjafairbrother1/dev/src/tritium_oss/clibs/src/oniguruma/missing --run autoconf'
AUTOHEADER='${SHELL} /Users/wonjafairbrother1/dev/src/tritium_oss/clibs/src/oniguruma/missing --run autoheader'
AUTOMAKE='${SHELL} /Users/wonjafairbrother1/dev/src/tritium_oss/clibs/src/oniguruma/missing --run automake-1.10'
AWK='awk'
CC='gcc'
CCDEPMODE='depmode=gcc3'
CFLAGS='-g -O2'
CPP='gcc -E'
CPPFLAGS=''
CYGPATH_W='echo'
DEFS='-DHAVE_CONFIG_H'
DEPDIR='.deps'
DLLTOOL='false'
DSYMUTIL='dsymutil'
DUMPBIN=''
ECHO_C='\c'
ECHO_N=''
ECHO_T=''
EGREP='/usr/bin/grep -E'
EXEEXT=''
FGREP='/usr/bin/grep -F'
GREP='/usr/bin/grep'
INSTALL_DATA='${INSTALL} -m 644'
INSTALL_PROGRAM='${INSTALL}'
INSTALL_SCRIPT='${INSTALL}'
INSTALL_STRIP_PROGRAM='$(install_sh) -c -s'
LD='/Applications/Xcode.app/Contents/Developer/Toolchains/XcodeDefault.xctoolchain/usr/bin/ld'
LDFLAGS=''
LIBOBJS=''
LIBS=''
LIBTOOL='$(SHELL) $(top_builddir)/libtool'
LIPO='lipo'
LN_S='ln -s'
LTLIBOBJS=''
LTVERSION='2:0:0'
MAKEINFO='${SHELL} /Users/wonjafairbrother1/dev/src/tritium_oss/clibs/src/oniguruma/missing --run makeinfo'
MANIFEST_TOOL=':'
MKDIR_P='./install-sh -c -d'
NM='/usr/bin/nm'
NMEDIT='nmedit'
OBJDUMP='false'
OBJEXT='o'
OTOOL64=':'
OTOOL='otool'
PACKAGE='onig'
PACKAGE_BUGREPORT=''
PACKAGE_NAME='onig'
PACKAGE_STRING='onig 5.9.2'
PACKAGE_TARNAME='onig'
PACKAGE_URL=''
PACKAGE_VERSION='5.9.2'
PATH_SEPARATOR=':'
RANLIB='ranlib'
RUBYDIR='..'
SED='/usr/bin/sed'
SET_MAKE=''
SHELL='/bin/sh'
STATISTICS=''
STRIP='strip'
VERSION='5.9.2'
ac_ct_AR='ar'
ac_ct_CC='gcc'
ac_ct_DUMPBIN=''
am__fastdepCC_FALSE='#'
am__fastdepCC_TRUE=''
am__include='include'
am__isrc=''
am__leading_dot='.'
am__quote=''
am__tar='${AMTAR} chof - "$$tardir"'
am__untar='${AMTAR} xf -'
bindir='${exec_prefix}/bin'
build='i386-apple-darwin12.5.0'
build_alias=''
build_cpu='i386'
build_os='darwin12.5.0'
build_vendor='apple'
datadir='${datarootdir}'
datarootdir='${prefix}/share'
docdir='${datarootdir}/doc/${PACKAGE_TARNAME}'
dvidir='${docdir}'
exec_prefix='${prefix}'
host='i386-apple-darwin12.5.0'
host_alias=''
host_cpu='i386'
host_os='darwin12.5.0'
host_vendor='apple'
htmldir='${docdir}'
includedir='${prefix}/include'
infodir='${datarootdir}/info'
install_sh='$(SHELL) /Users/wonjafairbrother1/dev/src/tritium_oss/clibs/src/oniguruma/install-sh'
libdir='${exec_prefix}/lib'
libexecdir='${exec_prefix}/libexec'
localedir='${datarootdir}/locale'
localstatedir='${prefix}/var'
mandir='${datarootdir}/man'
mkdir_p='$(top_builddir)/./install-sh -c -d'
oldincludedir='/usr/include'
pdfdir='${docdir}'
prefix='/Users/wonjafairbrother1/dev/src/tritium_oss/clibs/output/oniguruma'
program_transform_name='s,x,x,'
psdir='${docdir}'
sbindir='${exec_prefix}/sbin'
sharedstatedir='${prefix}/com'
sysconfdir='${prefix}/etc'
target_alias=''

## ----------- ##
## confdefs.h. ##
## ----------- ##

/* confdefs.h */
#define PACKAGE_NAME "onig"
#define PACKAGE_TARNAME "onig"
#define PACKAGE_VERSION "5.9.2"
#define PACKAGE_STRING "onig 5.9.2"
#define PACKAGE_BUGREPORT ""
#define PACKAGE_URL ""
#define PACKAGE "onig"
#define VERSION "5.9.2"
#define STDC_HEADERS 1
#define HAVE_SYS_TYPES_H 1
#define HAVE_SYS_STAT_H 1
#define HAVE_STDLIB_H 1
#define HAVE_STRING_H 1
#define HAVE_MEMORY_H 1
#define HAVE_STRINGS_H 1
#define HAVE_INTTYPES_H 1
#define HAVE_STDINT_H 1
#define HAVE_UNISTD_H 1
#define HAVE_DLFCN_H 1
#define LT_OBJDIR ".libs/"
#define STDC_HEADERS 1
#define HAVE_STDLIB_H 1
#define HAVE_STRING_H 1
#define HAVE_STRINGS_H 1
#define HAVE_SYS_TIME_H 1
#define HAVE_UNISTD_H 1
#define HAVE_SYS_TIMES_H 1
#define SIZEOF_INT 4
#define SIZEOF_SHORT 2
#define SIZEOF_LONG 8
#define TIME_WITH_SYS_TIME 1
#define HAVE_ALLOCA_H 1
#define HAVE_ALLOCA 1
#define HAVE_PROTOTYPES 1
#define HAVE_STDARG_PROTOTYPES 1

configure: exit 0
